{"meta": {"format": 3, "version": "7.13.3", "timestamp": "2026-03-20T13:15:34.169269", "branch_coverage": false, "show_contexts": false}, "files": {"src/auto_slopp/executor.py": {"executed_lines": [3, 4, 5, 6, 7, 9, 10, 15, 17, 24, 32, 38, 39, 41, 43, 44, 46, 47, 48, 49, 50, 51, 52, 53, 54, 55, 57, 58, 60, 62, 64, 66, 67, 69, 70, 71, 73, 75, 76, 78, 79, 80, 82, 91, 93, 99, 100, 101, 103, 104, 105, 107, 113, 114, 115, 117, 119, 120, 121, 123, 125, 126, 127, 129, 131, 132, 133, 135, 136, 137, 139, 140, 141, 143, 149, 150, 157, 158, 159, 161, 162, 164, 165, 166, 167, 169, 171, 172, 173, 174, 176, 182, 184, 185, 187, 189, 191, 192, 193, 194, 195, 196, 199, 207, 210], "summary": {"covered_lines": 105, "num_statements": 105, "percent_covered": 100.0, "percent_covered_display": "100", "missing_lines": 0, "excluded_lines": 0, "percent_statements_covered": 100.0, "percent_statements_covered_display": "100"}, "missing_lines": [], "excluded_lines": [], "functions": {"Executor.__init__": {"executed_lines": [38, 39], "summary": {"covered_lines": 2, "num_statements": 2, "percent_covered": 100.0, "percent_covered_display": "100", "missing_lines": 0, "excluded_lines": 0, "percent_statements_covered": 100.0, "percent_statements_covered_display": "100"}, "missing_lines": [], "excluded_lines": [], "start_line": 32}, "Executor.start": {"executed_lines": [43, 44, 46, 47, 48, 49, 50, 51, 52, 53, 54, 55, 57, 58], "summary": {"covered_lines": 14, "num_statements": 14, "percent_covered": 100.0, "percent_covered_display": "100", "missing_lines": 0, "excluded_lines": 0, "percent_statements_covered": 100.0, "percent_statements_covered_display": "100"}, "missing_lines": [], "excluded_lines": [], "start_line": 41}, "Executor.stop": {"executed_lines": [62], "summary": {"covered_lines": 1, "num_statements": 1, "percent_covered": 100.0, "percent_covered_display": "100", "missing_lines": 0, "excluded_lines": 0, "percent_statements_covered": 100.0, "percent_statements_covered_display": "100"}, "missing_lines": [], "excluded_lines": [], "start_line": 60}, "Executor._run_iteration": {"executed_lines": [66, 67, 69, 70, 71, 73, 75, 76, 78, 79, 80], "summary": {"covered_lines": 11, "num_statements": 11, "percent_covered": 100.0, "percent_covered_display": "100", "missing_lines": 0, "excluded_lines": 0, "percent_statements_covered": 100.0, "percent_statements_covered_display": "100"}, "missing_lines": [], "excluded_lines": [], "start_line": 64}, "Executor._instantiate_worker": {"executed_lines": [91], "summary": {"covered_lines": 1, "num_statements": 1, "percent_covered": 100.0, "percent_covered_display": "100", "missing_lines": 0, "excluded_lines": 0, "percent_statements_covered": 100.0, "percent_statements_covered_display": "100"}, "missing_lines": [], "excluded_lines": [], "start_line": 82}, "Executor._execute_worker": {"executed_lines": [99, 100, 101, 103, 104, 105], "summary": {"covered_lines": 6, "num_statements": 6, "percent_covered": 100.0, "percent_covered_display": "100", "missing_lines": 0, "excluded_lines": 0, "percent_statements_covered": 100.0, "percent_statements_covered_display": "100"}, "missing_lines": [], "excluded_lines": [], "start_line": 93}, "Executor._execute_worker_with_directories": {"executed_lines": [113, 114, 115, 117, 119, 120, 121, 123, 125, 126, 127, 129, 131, 132, 133, 135, 136, 137, 139, 140, 141], "summary": {"covered_lines": 21, "num_statements": 21, "percent_covered": 100.0, "percent_covered_display": "100", "missing_lines": 0, "excluded_lines": 0, "percent_statements_covered": 100.0, "percent_statements_covered_display": "100"}, "missing_lines": [], "excluded_lines": [], "start_line": 107}, "Executor._check_for_updates": {"executed_lines": [149, 150, 157, 158, 159, 161, 162, 164, 165, 166, 167, 169, 171, 172, 173, 174], "summary": {"covered_lines": 16, "num_statements": 16, "percent_covered": 100.0, "percent_covered_display": "100", "missing_lines": 0, "excluded_lines": 0, "percent_statements_covered": 100.0, "percent_statements_covered_display": "100"}, "missing_lines": [], "excluded_lines": [], "start_line": 143}, "Executor._schedule_reboot": {"executed_lines": [182, 184, 185, 187], "summary": {"covered_lines": 4, "num_statements": 4, "percent_covered": 100.0, "percent_covered_display": "100", "missing_lines": 0, "excluded_lines": 0, "percent_statements_covered": 100.0, "percent_statements_covered_display": "100"}, "missing_lines": [], "excluded_lines": [], "start_line": 176}, "Executor._execute_reboot": {"executed_lines": [191, 192, 193, 194, 195, 196], "summary": {"covered_lines": 6, "num_statements": 6, "percent_covered": 100.0, "percent_covered_display": "100", "missing_lines": 0, "excluded_lines": 0, "percent_statements_covered": 100.0, "percent_statements_covered_display": "100"}, "missing_lines": [], "excluded_lines": [], "start_line": 189}, "run_executor": {"executed_lines": [207, 210], "summary": {"covered_lines": 2, "num_statements": 2, "percent_covered": 100.0, "percent_covered_display": "100", "missing_lines": 0, "excluded_lines": 0, "percent_statements_covered": 100.0, "percent_statements_covered_display": "100"}, "missing_lines": [], "excluded_lines": [], "start_line": 199}, "": {"executed_lines": [3, 4, 5, 6, 7, 9, 10, 15, 17, 24, 32, 41, 60, 64, 82, 93, 107, 143, 176, 189, 199], "summary": {"covered_lines": 21, "num_statements": 21, "percent_covered": 100.0, "percent_covered_display": "100", "missing_lines": 0, "excluded_lines": 0, "percent_statements_covered": 100.0, "percent_statements_covered_display": "100"}, "missing_lines": [], "excluded_lines": [], "start_line": 1}}, "classes": {"Executor": {"executed_lines": [38, 39, 43, 44, 46, 47, 48, 49, 50, 51, 52, 53, 54, 55, 57, 58, 62, 66, 67, 69, 70, 71, 73, 75, 76, 78, 79, 80, 91, 99, 100, 101, 103, 104, 105, 113, 114, 115, 117, 119, 120, 121, 123, 125, 126, 127, 129, 131, 132, 133, 135, 136, 137, 139, 140, 141, 149, 150, 157, 158, 159, 161, 162, 164, 165, 166, 167, 169, 171, 172, 173, 174, 182, 184, 185, 187, 191, 192, 193, 194, 195, 196], "summary": {"covered_lines": 82, "num_statements": 82, "percent_covered": 100.0, "percent_covered_display": "100", "missing_lines": 0, "excluded_lines": 0, "percent_statements_covered": 100.0, "percent_statements_covered_display": "100"}, "missing_lines": [], "excluded_lines": [], "start_line": 24}, "": {"executed_lines": [3, 4, 5, 6, 7, 9, 10, 15, 17, 24, 32, 41, 60, 64, 82, 93, 107, 143, 176, 189, 199, 207, 210], "summary": {"covered_lines": 23, "num_statements": 23, "percent_covered": 100.0, "percent_covered_display": "100", "missing_lines": 0, "excluded_lines": 0, "percent_statements_covered": 100.0, "percent_statements_covered_display": "100"}, "missing_lines": [], "excluded_lines": [], "start_line": 1}}}, "src/auto_slopp/main.py": {"executed_lines": [3, 4, 5, 6, 8, 9, 10, 13, 15, 16, 22, 23, 24, 25, 26, 28, 31, 37, 48, 54, 60, 62, 65, 67, 69, 70, 72, 73, 75, 76, 77, 78, 80, 81, 83, 84, 85, 86, 87, 88, 89, 90], "summary": {"covered_lines": 42, "num_statements": 42, "percent_covered": 100.0, "percent_covered_display": "100", "missing_lines": 0, "excluded_lines": 2, "percent_statements_covered": 100.0, "percent_statements_covered_display": "100"}, "missing_lines": [], "excluded_lines": [93, 94], "functions": {"setup_logging": {"executed_lines": [15, 16, 22, 23, 24, 25, 26, 28], "summary": {"covered_lines": 8, "num_statements": 8, "percent_covered": 100.0, "percent_covered_display": "100", "missing_lines": 0, "excluded_lines": 0, "percent_statements_covered": 100.0, "percent_statements_covered_display": "100"}, "missing_lines": [], "excluded_lines": [], "start_line": 13}, "parse_arguments": {"executed_lines": [37, 48, 54, 60, 62], "summary": {"covered_lines": 5, "num_statements": 5, "percent_covered": 100.0, "percent_covered_display": "100", "missing_lines": 0, "excluded_lines": 0, "percent_statements_covered": 100.0, "percent_statements_covered_display": "100"}, "missing_lines": [], "excluded_lines": [], "start_line": 31}, "main": {"executed_lines": [67, 69, 70, 72, 73, 75, 76, 77, 78, 80, 81, 83, 84, 85, 86, 87, 88, 89, 90], "summary": {"covered_lines": 19, "num_statements": 19, "percent_covered": 100.0, "percent_covered_display": "100", "missing_lines": 0, "excluded_lines": 0, "percent_statements_covered": 100.0, "percent_statements_covered_display": "100"}, "missing_lines": [], "excluded_lines": [], "start_line": 65}, "": {"executed_lines": [3, 4, 5, 6, 8, 9, 10, 13, 31, 65], "summary": {"covered_lines": 10, "num_statements": 10, "percent_covered": 100.0, "percent_covered_display": "100", "missing_lines": 0, "excluded_lines": 2, "percent_statements_covered": 100.0, "percent_statements_covered_display": "100"}, "missing_lines": [], "excluded_lines": [93, 94], "start_line": 1}}, "classes": {"": {"executed_lines": [3, 4, 5, 6, 8, 9, 10, 13, 15, 16, 22, 23, 24, 25, 26, 28, 31, 37, 48, 54, 60, 62, 65, 67, 69, 70, 72, 73, 75, 76, 77, 78, 80, 81, 83, 84, 85, 86, 87, 88, 89, 90], "summary": {"covered_lines": 42, "num_statements": 42, "percent_covered": 100.0, "percent_covered_display": "100", "missing_lines": 0, "excluded_lines": 2, "percent_statements_covered": 100.0, "percent_statements_covered_display": "100"}, "missing_lines": [], "excluded_lines": [93, 94], "start_line": 1}}}, "src/auto_slopp/telegram_handler.py": {"executed_lines": [3, 4, 5, 7, 9, 12, 19, 42, 43, 44, 45, 46, 47, 48, 49, 50, 52, 53, 55, 56, 58, 66, 68, 69, 70, 72, 73, 74, 75, 78, 80, 82, 86, 88, 90, 92, 93, 94, 98, 104, 105, 108, 109, 111, 120, 122, 123, 124, 125, 126, 127, 128, 129, 130, 131, 133, 135, 138, 139, 140, 142, 144, 146, 155, 160, 162, 164, 165, 166, 167, 168, 170, 171, 172, 173, 176, 189, 190, 192, 193, 194, 197, 207, 209, 210, 212, 213, 215], "summary": {"covered_lines": 88, "num_statements": 88, "percent_covered": 100.0, "percent_covered_display": "100", "missing_lines": 0, "excluded_lines": 2, "percent_statements_covered": 100.0, "percent_statements_covered_display": "100"}, "missing_lines": [], "excluded_lines": [84, 96], "functions": {"TelegramHandler.__init__": {"executed_lines": [42, 43, 44, 45, 46, 47, 48, 49, 50, 52, 53, 55, 56], "summary": {"covered_lines": 13, "num_statements": 13, "percent_covered": 100.0, "percent_covered_display": "100", "missing_lines": 0, "excluded_lines": 0, "percent_statements_covered": 100.0, "percent_statements_covered_display": "100"}, "missing_lines": [], "excluded_lines": [], "start_line": 19}, "TelegramHandler.emit": {"executed_lines": [66, 68, 69, 70, 72, 73, 74, 75, 78, 80, 82, 86, 88], "summary": {"covered_lines": 13, "num_statements": 13, "percent_covered": 100.0, "percent_covered_display": "100", "missing_lines": 0, "excluded_lines": 1, "percent_statements_covered": 100.0, "percent_statements_covered_display": "100"}, "missing_lines": [], "excluded_lines": [84], "start_line": 58}, "TelegramHandler._handle_task_result": {"executed_lines": [92, 93, 94], "summary": {"covered_lines": 3, "num_statements": 3, "percent_covered": 100.0, "percent_covered_display": "100", "missing_lines": 0, "excluded_lines": 1, "percent_statements_covered": 100.0, "percent_statements_covered_display": "100"}, "missing_lines": [], "excluded_lines": [96], "start_line": 90}, "TelegramHandler._send_message_async": {"executed_lines": [104, 105, 108, 109, 111, 120, 122, 123, 124, 125, 126, 127, 128, 129, 130, 131, 133, 135, 138, 139, 140, 142, 144], "summary": {"covered_lines": 23, "num_statements": 23, "percent_covered": 100.0, "percent_covered_display": "100", "missing_lines": 0, "excluded_lines": 0, "percent_statements_covered": 100.0, "percent_statements_covered_display": "100"}, "missing_lines": [], "excluded_lines": [], "start_line": 98}, "TelegramHandler._escape_html": {"executed_lines": [155, 160], "summary": {"covered_lines": 2, "num_statements": 2, "percent_covered": 100.0, "percent_covered_display": "100", "missing_lines": 0, "excluded_lines": 0, "percent_statements_covered": 100.0, "percent_statements_covered_display": "100"}, "missing_lines": [], "excluded_lines": [], "start_line": 146}, "TelegramHandler.close": {"executed_lines": [164, 165, 166, 167, 168, 170, 171, 172, 173], "summary": {"covered_lines": 9, "num_statements": 9, "percent_covered": 100.0, "percent_covered_display": "100", "missing_lines": 0, "excluded_lines": 0, "percent_statements_covered": 100.0, "percent_statements_covered_display": "100"}, "missing_lines": [], "excluded_lines": [], "start_line": 162}, "setup_telegram_logging": {"executed_lines": [189, 190, 192, 193, 194, 197, 207, 209, 210, 212, 213, 215], "summary": {"covered_lines": 12, "num_statements": 12, "percent_covered": 100.0, "percent_covered_display": "100", "missing_lines": 0, "excluded_lines": 0, "percent_statements_covered": 100.0, "percent_statements_covered_display": "100"}, "missing_lines": [], "excluded_lines": [], "start_line": 176}, "": {"executed_lines": [3, 4, 5, 7, 9, 12, 19, 58, 90, 98, 146, 162, 176], "summary": {"covered_lines": 13, "num_statements": 13, "percent_covered": 100.0, "percent_covered_display": "100", "missing_lines": 0, "excluded_lines": 0, "percent_statements_covered": 100.0, "percent_statements_covered_display": "100"}, "missing_lines": [], "excluded_lines": [], "start_line": 1}}, "classes": {"TelegramHandler": {"executed_lines": [42, 43, 44, 45, 46, 47, 48, 49, 50, 52, 53, 55, 56, 66, 68, 69, 70, 72, 73, 74, 75, 78, 80, 82, 86, 88, 92, 93, 94, 104, 105, 108, 109, 111, 120, 122, 123, 124, 125, 126, 127, 128, 129, 130, 131, 133, 135, 138, 139, 140, 142, 144, 155, 160, 164, 165, 166, 167, 168, 170, 171, 172, 173], "summary": {"covered_lines": 63, "num_statements": 63, "percent_covered": 100.0, "percent_covered_display": "100", "missing_lines": 0, "excluded_lines": 2, "percent_statements_covered": 100.0, "percent_statements_covered_display": "100"}, "missing_lines": [], "excluded_lines": [84, 96], "start_line": 12}, "": {"executed_lines": [3, 4, 5, 7, 9, 12, 19, 58, 90, 98, 146, 162, 176, 189, 190, 192, 193, 194, 197, 207, 209, 210, 212, 213, 215], "summary": {"covered_lines": 25, "num_statements": 25, "percent_covered": 100.0, "percent_covered_display": "100", "missing_lines": 0, "excluded_lines": 0, "percent_statements_covered": 100.0, "percent_statements_covered_display": "100"}, "missing_lines": [], "excluded_lines": [], "start_line": 1}}}, "src/auto_slopp/utils/branch_analysis.py": {"executed_lines": [6, 7, 8, 9, 11, 17, 20, 29, 41, 54, 55, 57, 58, 61, 62, 64, 65, 68, 81, 82, 84, 85, 87, 88, 92, 94, 95, 97, 99, 102, 113, 115, 117, 118, 119, 121, 123, 125, 128, 129, 132, 135, 138, 151, 156, 158, 160, 161, 162, 163, 165, 166, 167, 171, 172, 173, 174], "summary": {"covered_lines": 57, "num_statements": 57, "percent_covered": 100.0, "percent_covered_display": "100", "missing_lines": 0, "excluded_lines": 0, "percent_statements_covered": 100.0, "percent_statements_covered_display": "100"}, "missing_lines": [], "excluded_lines": [], "functions": {"create_branch_cleanup_result": {"executed_lines": [29], "summary": {"covered_lines": 1, "num_statements": 1, "percent_covered": 100.0, "percent_covered_display": "100", "missing_lines": 0, "excluded_lines": 0, "percent_statements_covered": 100.0, "percent_statements_covered_display": "100"}, "missing_lines": [], "excluded_lines": [], "start_line": 20}, "identify_stale_branches": {"executed_lines": [54, 55, 57, 58, 61, 62, 64, 65], "summary": {"covered_lines": 8, "num_statements": 8, "percent_covered": 100.0, "percent_covered_display": "100", "missing_lines": 0, "excluded_lines": 0, "percent_statements_covered": 100.0, "percent_statements_covered_display": "100"}, "missing_lines": [], "excluded_lines": [], "start_line": 41}, "delete_stale_branches": {"executed_lines": [81, 82, 84, 85, 87, 88, 92, 94, 95, 97, 99], "summary": {"covered_lines": 11, "num_statements": 11, "percent_covered": 100.0, "percent_covered_display": "100", "missing_lines": 0, "excluded_lines": 0, "percent_statements_covered": 100.0, "percent_statements_covered_display": "100"}, "missing_lines": [], "excluded_lines": [], "start_line": 68}, "analyze_repository_branches": {"executed_lines": [113, 115, 117, 118, 119, 121, 123, 125, 128, 129, 132, 135, 138, 151, 156, 158, 160, 161, 162, 163, 165, 166, 167, 171, 172, 173, 174], "summary": {"covered_lines": 27, "num_statements": 27, "percent_covered": 100.0, "percent_covered_display": "100", "missing_lines": 0, "excluded_lines": 0, "percent_statements_covered": 100.0, "percent_statements_covered_display": "100"}, "missing_lines": [], "excluded_lines": [], "start_line": 102}, "": {"executed_lines": [6, 7, 8, 9, 11, 17, 20, 41, 68, 102], "summary": {"covered_lines": 10, "num_statements": 10, "percent_covered": 100.0, "percent_covered_display": "100", "missing_lines": 0, "excluded_lines": 0, "percent_statements_covered": 100.0, "percent_statements_covered_display": "100"}, "missing_lines": [], "excluded_lines": [], "start_line": 1}}, "classes": {"": {"executed_lines": [6, 7, 8, 9, 11, 17, 20, 29, 41, 54, 55, 57, 58, 61, 62, 64, 65, 68, 81, 82, 84, 85, 87, 88, 92, 94, 95, 97, 99, 102, 113, 115, 117, 118, 119, 121, 123, 125, 128, 129, 132, 135, 138, 151, 156, 158, 160, 161, 162, 163, 165, 166, 167, 171, 172, 173, 174], "summary": {"covered_lines": 57, "num_statements": 57, "percent_covered": 100.0, "percent_covered_display": "100", "missing_lines": 0, "excluded_lines": 0, "percent_statements_covered": 100.0, "percent_statements_covered_display": "100"}, "missing_lines": [], "excluded_lines": [], "start_line": 1}}}, "src/auto_slopp/utils/cli_executor.py": {"executed_lines": [7, 8, 9, 10, 11, 12, 14, 16, 17, 18, 19, 21, 24, 25, 26, 27, 30, 31, 32, 33, 34, 35, 36, 41, 42, 43, 45, 46, 49, 50, 52, 53, 55, 56, 57, 58, 60, 62, 63, 64, 65, 67, 69, 70, 71, 73, 76, 78, 88, 90, 91, 92, 94, 95, 96, 98, 101, 108, 110, 112, 113, 115, 118, 127, 129, 130, 138, 139, 141, 151, 152, 161, 162, 164, 165, 166, 168, 170, 171, 172, 173, 175, 187, 205, 272, 273, 274, 275, 277, 278, 279, 280, 282, 284, 285, 287, 288, 290, 291, 292, 296, 298, 300, 303, 304, 314, 315, 316, 323, 324, 332, 334, 335, 336, 337, 338, 340, 341, 343, 344, 345, 349, 350, 361, 364, 383, 392, 414, 415, 424, 444, 445], "summary": {"covered_lines": 132, "num_statements": 132, "percent_covered": 100.0, "percent_covered_display": "100", "missing_lines": 0, "excluded_lines": 8, "percent_statements_covered": 100.0, "percent_statements_covered_display": "100"}, "missing_lines": [], "excluded_lines": [189, 195, 202, 301, 305, 306, 311, 312], "functions": {"_get_cli_state": {"executed_lines": [25, 26, 27], "summary": {"covered_lines": 3, "num_statements": 3, "percent_covered": 100.0, "percent_covered_display": "100", "missing_lines": 0, "excluded_lines": 0, "percent_statements_covered": 100.0, "percent_statements_covered_display": "100"}, "missing_lines": [], "excluded_lines": [], "start_line": 24}, "_check_cooldowns": {"executed_lines": [31, 32, 33, 34, 35, 36, 41, 42, 43, 45, 46], "summary": {"covered_lines": 11, "num_statements": 11, "percent_covered": 100.0, "percent_covered_display": "100", "missing_lines": 0, "excluded_lines": 0, "percent_statements_covered": 100.0, "percent_statements_covered_display": "100"}, "missing_lines": [], "excluded_lines": [], "start_line": 30}, "_choose_best_config_index": {"executed_lines": [50, 52, 53, 55, 56, 57, 58, 60, 62, 63, 64, 65, 67, 69, 70, 71, 73], "summary": {"covered_lines": 17, "num_statements": 17, "percent_covered": 100.0, "percent_covered_display": "100", "missing_lines": 0, "excluded_lines": 0, "percent_statements_covered": 100.0, "percent_statements_covered_display": "100"}, "missing_lines": [], "excluded_lines": [], "start_line": 49}, "_get_cli_configurations": {"executed_lines": [78], "summary": {"covered_lines": 1, "num_statements": 1, "percent_covered": 100.0, "percent_covered_display": "100", "missing_lines": 0, "excluded_lines": 0, "percent_statements_covered": 100.0, "percent_statements_covered_display": "100"}, "missing_lines": [], "excluded_lines": [], "start_line": 76}, "get_active_cli_command": {"executed_lines": [90, 91, 92, 94, 95, 96, 98], "summary": {"covered_lines": 7, "num_statements": 7, "percent_covered": 100.0, "percent_covered_display": "100", "missing_lines": 0, "excluded_lines": 0, "percent_statements_covered": 100.0, "percent_statements_covered_display": "100"}, "missing_lines": [], "excluded_lines": [], "start_line": 88}, "_build_command": {"executed_lines": [108, 110, 112, 113, 115], "summary": {"covered_lines": 5, "num_statements": 5, "percent_covered": 100.0, "percent_covered_display": "100", "missing_lines": 0, "excluded_lines": 0, "percent_statements_covered": 100.0, "percent_statements_covered_display": "100"}, "missing_lines": [], "excluded_lines": [], "start_line": 101}, "_execute_command": {"executed_lines": [127, 129, 130, 138, 139, 141, 151, 152, 161, 162, 164, 165, 166, 168, 170, 171, 172, 173, 175], "summary": {"covered_lines": 19, "num_statements": 19, "percent_covered": 100.0, "percent_covered_display": "100", "missing_lines": 0, "excluded_lines": 0, "percent_statements_covered": 100.0, "percent_statements_covered_display": "100"}, "missing_lines": [], "excluded_lines": [], "start_line": 118}, "_probe_configuration": {"executed_lines": [], "summary": {"covered_lines": 0, "num_statements": 0, "percent_covered": 100.0, "percent_covered_display": "100", "missing_lines": 0, "excluded_lines": 3, "percent_statements_covered": 100.0, "percent_statements_covered_display": "100"}, "missing_lines": [], "excluded_lines": [189, 195, 202], "start_line": 187}, "run_cli_executor": {"executed_lines": [272, 273, 274, 275, 277, 278, 279, 280, 282, 284, 285, 287, 288, 290, 291, 292, 296, 298, 300, 303, 304, 314, 315, 316, 323, 324, 332, 334, 335, 336, 337, 338, 340, 341, 343, 344, 345, 349, 350, 361], "summary": {"covered_lines": 40, "num_statements": 40, "percent_covered": 100.0, "percent_covered_display": "100", "missing_lines": 0, "excluded_lines": 5, "percent_statements_covered": 100.0, "percent_statements_covered_display": "100"}, "missing_lines": [], "excluded_lines": [301, 305, 306, 311, 312], "start_line": 205}, "execute_with_instructions": {"executed_lines": [383], "summary": {"covered_lines": 1, "num_statements": 1, "percent_covered": 100.0, "percent_covered_display": "100", "missing_lines": 0, "excluded_lines": 0, "percent_statements_covered": 100.0, "percent_statements_covered_display": "100"}, "missing_lines": [], "excluded_lines": [], "start_line": 364}, "run_opencode": {"executed_lines": [414, 415], "summary": {"covered_lines": 2, "num_statements": 2, "percent_covered": 100.0, "percent_covered_display": "100", "missing_lines": 0, "excluded_lines": 0, "percent_statements_covered": 100.0, "percent_statements_covered_display": "100"}, "missing_lines": [], "excluded_lines": [], "start_line": 392}, "execute_openagent_with_instructions": {"executed_lines": [444, 445], "summary": {"covered_lines": 2, "num_statements": 2, "percent_covered": 100.0, "percent_covered_display": "100", "missing_lines": 0, "excluded_lines": 0, "percent_statements_covered": 100.0, "percent_statements_covered_display": "100"}, "missing_lines": [], "excluded_lines": [], "start_line": 424}, "": {"executed_lines": [7, 8, 9, 10, 11, 12, 14, 16, 17, 18, 19, 21, 24, 30, 49, 76, 88, 101, 118, 187, 205, 364, 392, 424], "summary": {"covered_lines": 24, "num_statements": 24, "percent_covered": 100.0, "percent_covered_display": "100", "missing_lines": 0, "excluded_lines": 0, "percent_statements_covered": 100.0, "percent_statements_covered_display": "100"}, "missing_lines": [], "excluded_lines": [], "start_line": 1}}, "classes": {"": {"executed_lines": [7, 8, 9, 10, 11, 12, 14, 16, 17, 18, 19, 21, 24, 25, 26, 27, 30, 31, 32, 33, 34, 35, 36, 41, 42, 43, 45, 46, 49, 50, 52, 53, 55, 56, 57, 58, 60, 62, 63, 64, 65, 67, 69, 70, 71, 73, 76, 78, 88, 90, 91, 92, 94, 95, 96, 98, 101, 108, 110, 112, 113, 115, 118, 127, 129, 130, 138, 139, 141, 151, 152, 161, 162, 164, 165, 166, 168, 170, 171, 172, 173, 175, 187, 205, 272, 273, 274, 275, 277, 278, 279, 280, 282, 284, 285, 287, 288, 290, 291, 292, 296, 298, 300, 303, 304, 314, 315, 316, 323, 324, 332, 334, 335, 336, 337, 338, 340, 341, 343, 344, 345, 349, 350, 361, 364, 383, 392, 414, 415, 424, 444, 445], "summary": {"covered_lines": 132, "num_statements": 132, "percent_covered": 100.0, "percent_covered_display": "100", "missing_lines": 0, "excluded_lines": 8, "percent_statements_covered": 100.0, "percent_statements_covered_display": "100"}, "missing_lines": [], "excluded_lines": [189, 195, 202, 301, 305, 306, 311, 312], "start_line": 1}}}, "src/auto_slopp/utils/exception_handling.py": {"executed_lines": [3, 4, 6, 7, 10, 30, 31, 32, 33, 34, 35, 38, 58, 59, 60, 61, 62, 63], "summary": {"covered_lines": 18, "num_statements": 18, "percent_covered": 100.0, "percent_covered_display": "100", "missing_lines": 0, "excluded_lines": 0, "percent_statements_covered": 100.0, "percent_statements_covered_display": "100"}, "missing_lines": [], "excluded_lines": [], "functions": {"safe_execute": {"executed_lines": [30, 31, 32, 33, 34, 35], "summary": {"covered_lines": 6, "num_statements": 6, "percent_covered": 100.0, "percent_covered_display": "100", "missing_lines": 0, "excluded_lines": 0, "percent_statements_covered": 100.0, "percent_statements_covered_display": "100"}, "missing_lines": [], "excluded_lines": [], "start_line": 10}, "safe_execute_with_logging": {"executed_lines": [58, 59, 60, 61, 62, 63], "summary": {"covered_lines": 6, "num_statements": 6, "percent_covered": 100.0, "percent_covered_display": "100", "missing_lines": 0, "excluded_lines": 0, "percent_statements_covered": 100.0, "percent_statements_covered_display": "100"}, "missing_lines": [], "excluded_lines": [], "start_line": 38}, "": {"executed_lines": [3, 4, 6, 7, 10, 38], "summary": {"covered_lines": 6, "num_statements": 6, "percent_covered": 100.0, "percent_covered_display": "100", "missing_lines": 0, "excluded_lines": 0, "percent_statements_covered": 100.0, "percent_statements_covered_display": "100"}, "missing_lines": [], "excluded_lines": [], "start_line": 1}}, "classes": {"": {"executed_lines": [3, 4, 6, 7, 10, 30, 31, 32, 33, 34, 35, 38, 58, 59, 60, 61, 62, 63], "summary": {"covered_lines": 18, "num_statements": 18, "percent_covered": 100.0, "percent_covered_display": "100", "missing_lines": 0, "excluded_lines": 0, "percent_statements_covered": 100.0, "percent_statements_covered_display": "100"}, "missing_lines": [], "excluded_lines": [], "start_line": 1}}}, "src/auto_slopp/utils/file_operations.py": {"executed_lines": [7, 8, 9, 10, 12, 14, 17, 27, 28, 29, 30, 31, 34, 36, 37, 39, 40, 43, 53, 54, 55, 56, 57, 58, 60, 63, 74, 76, 77, 79, 80, 81, 82, 83, 86, 87, 88, 90, 92, 93, 96, 106, 108, 109, 112, 113, 116, 118, 119, 121, 122, 123, 126, 135, 136, 137, 138, 139, 140, 143, 156, 157, 158, 161, 167, 168, 169, 171, 174, 184, 185], "summary": {"covered_lines": 71, "num_statements": 71, "percent_covered": 100.0, "percent_covered_display": "100", "missing_lines": 0, "excluded_lines": 0, "percent_statements_covered": 100.0, "percent_statements_covered_display": "100"}, "missing_lines": [], "excluded_lines": [], "functions": {"find_text_files": {"executed_lines": [27, 39, 40], "summary": {"covered_lines": 3, "num_statements": 3, "percent_covered": 100.0, "percent_covered_display": "100", "missing_lines": 0, "excluded_lines": 0, "percent_statements_covered": 100.0, "percent_statements_covered_display": "100"}, "missing_lines": [], "excluded_lines": [], "start_line": 17}, "find_text_files._find_text_files": {"executed_lines": [28, 29, 30, 31, 34, 36, 37], "summary": {"covered_lines": 7, "num_statements": 7, "percent_covered": 100.0, "percent_covered_display": "100", "missing_lines": 0, "excluded_lines": 0, "percent_statements_covered": 100.0, "percent_statements_covered_display": "100"}, "missing_lines": [], "excluded_lines": [], "start_line": 27}, "read_file_content": {"executed_lines": [53, 60], "summary": {"covered_lines": 2, "num_statements": 2, "percent_covered": 100.0, "percent_covered_display": "100", "missing_lines": 0, "excluded_lines": 0, "percent_statements_covered": 100.0, "percent_statements_covered_display": "100"}, "missing_lines": [], "excluded_lines": [], "start_line": 43}, "read_file_content._read_file_content": {"executed_lines": [54, 55, 56, 57, 58], "summary": {"covered_lines": 5, "num_statements": 5, "percent_covered": 100.0, "percent_covered_display": "100", "missing_lines": 0, "excluded_lines": 0, "percent_statements_covered": 100.0, "percent_statements_covered_display": "100"}, "missing_lines": [], "excluded_lines": [], "start_line": 53}, "get_next_counter": {"executed_lines": [74, 92, 93], "summary": {"covered_lines": 3, "num_statements": 3, "percent_covered": 100.0, "percent_covered_display": "100", "missing_lines": 0, "excluded_lines": 0, "percent_statements_covered": 100.0, "percent_statements_covered_display": "100"}, "missing_lines": [], "excluded_lines": [], "start_line": 63}, "get_next_counter._get_next_counter": {"executed_lines": [76, 77, 79, 80, 81, 82, 83, 86, 87, 88, 90], "summary": {"covered_lines": 11, "num_statements": 11, "percent_covered": 100.0, "percent_covered_display": "100", "missing_lines": 0, "excluded_lines": 0, "percent_statements_covered": 100.0, "percent_statements_covered_display": "100"}, "missing_lines": [], "excluded_lines": [], "start_line": 74}, "rename_processed_file": {"executed_lines": [106, 108, 109, 112, 113, 116, 118, 119, 121, 122, 123], "summary": {"covered_lines": 11, "num_statements": 11, "percent_covered": 100.0, "percent_covered_display": "100", "missing_lines": 0, "excluded_lines": 0, "percent_statements_covered": 100.0, "percent_statements_covered_display": "100"}, "missing_lines": [], "excluded_lines": [], "start_line": 96}, "ensure_directory_exists": {"executed_lines": [135, 136, 137, 138, 139, 140], "summary": {"covered_lines": 6, "num_statements": 6, "percent_covered": 100.0, "percent_covered_display": "100", "missing_lines": 0, "excluded_lines": 0, "percent_statements_covered": 100.0, "percent_statements_covered_display": "100"}, "missing_lines": [], "excluded_lines": [], "start_line": 126}, "write_temp_instruction_file": {"executed_lines": [156, 157, 158], "summary": {"covered_lines": 3, "num_statements": 3, "percent_covered": 100.0, "percent_covered_display": "100", "missing_lines": 0, "excluded_lines": 0, "percent_statements_covered": 100.0, "percent_statements_covered_display": "100"}, "missing_lines": [], "excluded_lines": [], "start_line": 143}, "cleanup_temp_file": {"executed_lines": [167, 168, 169, 171], "summary": {"covered_lines": 4, "num_statements": 4, "percent_covered": 100.0, "percent_covered_display": "100", "missing_lines": 0, "excluded_lines": 0, "percent_statements_covered": 100.0, "percent_statements_covered_display": "100"}, "missing_lines": [], "excluded_lines": [], "start_line": 161}, "create_file_counter_name": {"executed_lines": [184, 185], "summary": {"covered_lines": 2, "num_statements": 2, "percent_covered": 100.0, "percent_covered_display": "100", "missing_lines": 0, "excluded_lines": 0, "percent_statements_covered": 100.0, "percent_statements_covered_display": "100"}, "missing_lines": [], "excluded_lines": [], "start_line": 174}, "": {"executed_lines": [7, 8, 9, 10, 12, 14, 17, 43, 63, 96, 126, 143, 161, 174], "summary": {"covered_lines": 14, "num_statements": 14, "percent_covered": 100.0, "percent_covered_display": "100", "missing_lines": 0, "excluded_lines": 0, "percent_statements_covered": 100.0, "percent_statements_covered_display": "100"}, "missing_lines": [], "excluded_lines": [], "start_line": 1}}, "classes": {"": {"executed_lines": [7, 8, 9, 10, 12, 14, 17, 27, 28, 29, 30, 31, 34, 36, 37, 39, 40, 43, 53, 54, 55, 56, 57, 58, 60, 63, 74, 76, 77, 79, 80, 81, 82, 83, 86, 87, 88, 90, 92, 93, 96, 106, 108, 109, 112, 113, 116, 118, 119, 121, 122, 123, 126, 135, 136, 137, 138, 139, 140, 143, 156, 157, 158, 161, 167, 168, 169, 171, 174, 184, 185], "summary": {"covered_lines": 71, "num_statements": 71, "percent_covered": 100.0, "percent_covered_display": "100", "missing_lines": 0, "excluded_lines": 0, "percent_statements_covered": 100.0, "percent_statements_covered_display": "100"}, "missing_lines": [], "excluded_lines": [], "start_line": 1}}}, "src/auto_slopp/utils/git_operations.py": {"executed_lines": [7, 8, 9, 10, 11, 12, 13, 15, 17, 20, 30, 31, 33, 35, 37, 39, 42, 45, 48, 70, 71, 79, 80, 81, 82, 83, 84, 85, 86, 89, 103, 104, 105, 107, 113, 114, 122, 125, 132, 144, 151, 152, 153, 154, 155, 156, 157, 158, 159, 164, 166, 167, 176, 179, 191, 193, 194, 195, 196, 197, 198, 200, 203, 215, 216, 219, 229, 230, 231, 232, 234, 235, 236, 237, 238, 239, 241, 242, 243, 244, 245, 248, 260, 261, 264, 278, 279, 281, 282, 283, 284, 285, 286, 288, 290, 291, 293, 302, 303, 304, 306, 308, 309, 310, 312, 313, 314, 315, 316, 317, 318, 320, 321, 322, 323, 325, 327, 328, 330, 339, 343, 345, 346, 347, 348, 349, 351, 352, 353, 354, 355, 358, 372, 373, 374, 375, 397, 398, 399, 402, 417, 418, 419, 421, 423, 424, 425, 426, 427, 428, 430, 431, 434, 451, 453, 457, 458, 461, 469, 470, 472, 479, 487, 488, 489, 491, 492, 493, 494, 495, 507, 508, 510, 511, 512, 513, 514, 517, 526, 527, 530, 539, 541, 542, 544, 545, 546, 547, 548, 549, 550, 551, 553, 556, 565, 567, 568, 570, 571, 572, 573, 575, 578, 588, 589, 592, 603, 604, 606, 607, 616, 617, 618, 619, 621, 622, 624, 627, 638, 640, 641, 643, 644, 647, 658, 661, 663, 664, 666, 667, 670, 682, 683, 689, 690, 691, 694, 753, 763, 764, 765, 767, 768, 770, 771, 774, 775, 776], "summary": {"covered_lines": 248, "num_statements": 299, "percent_covered": 82.94314381270902, "percent_covered_display": "83", "missing_lines": 51, "excluded_lines": 6, "percent_statements_covered": 82.94314381270902, "percent_statements_covered_display": "83"}, "missing_lines": [340, 341, 377, 379, 389, 390, 391, 393, 394, 395, 473, 474, 475, 476, 477, 500, 501, 502, 503, 505, 659, 710, 711, 712, 714, 715, 717, 718, 719, 721, 723, 724, 725, 727, 728, 730, 731, 733, 734, 735, 736, 738, 739, 741, 743, 744, 745, 746, 747, 750, 772], "excluded_lines": [123, 128, 129, 160, 161, 162], "functions": {"sanitize_branch_name": {"executed_lines": [30, 31, 33, 35, 37, 39], "summary": {"covered_lines": 6, "num_statements": 6, "percent_covered": 100.0, "percent_covered_display": "100", "missing_lines": 0, "excluded_lines": 0, "percent_statements_covered": 100.0, "percent_statements_covered_display": "100"}, "missing_lines": [], "excluded_lines": [], "start_line": 20}, "_run_git_command": {"executed_lines": [70, 71, 79, 80, 81, 82, 83, 84, 85, 86], "summary": {"covered_lines": 10, "num_statements": 10, "percent_covered": 100.0, "percent_covered_display": "100", "missing_lines": 0, "excluded_lines": 0, "percent_statements_covered": 100.0, "percent_statements_covered_display": "100"}, "missing_lines": [], "excluded_lines": [], "start_line": 48}, "_handle_git_operation_failure": {"executed_lines": [103, 104, 105, 107, 113, 114, 122, 125], "summary": {"covered_lines": 8, "num_statements": 8, "percent_covered": 100.0, "percent_covered_display": "100", "missing_lines": 0, "excluded_lines": 3, "percent_statements_covered": 100.0, "percent_statements_covered_display": "100"}, "missing_lines": [], "excluded_lines": [123, 128, 129], "start_line": 89}, "get_local_branches": {"executed_lines": [144, 151, 152, 153, 154, 155, 156, 157, 158, 159, 164, 166, 167, 176], "summary": {"covered_lines": 14, "num_statements": 14, "percent_covered": 100.0, "percent_covered_display": "100", "missing_lines": 0, "excluded_lines": 3, "percent_statements_covered": 100.0, "percent_statements_covered_display": "100"}, "missing_lines": [], "excluded_lines": [160, 161, 162], "start_line": 132}, "get_remote_branches": {"executed_lines": [191, 193, 194, 195, 196, 197, 198, 200], "summary": {"covered_lines": 8, "num_statements": 8, "percent_covered": 100.0, "percent_covered_display": "100", "missing_lines": 0, "excluded_lines": 0, "percent_statements_covered": 100.0, "percent_statements_covered_display": "100"}, "missing_lines": [], "excluded_lines": [], "start_line": 179}, "get_current_branch": {"executed_lines": [215, 216], "summary": {"covered_lines": 2, "num_statements": 2, "percent_covered": 100.0, "percent_covered_display": "100", "missing_lines": 0, "excluded_lines": 0, "percent_statements_covered": 100.0, "percent_statements_covered_display": "100"}, "missing_lines": [], "excluded_lines": [], "start_line": 203}, "delete_branch": {"executed_lines": [229, 230, 231, 232, 234, 235, 236, 237, 238, 239, 241, 242, 243, 244, 245], "summary": {"covered_lines": 15, "num_statements": 15, "percent_covered": 100.0, "percent_covered_display": "100", "missing_lines": 0, "excluded_lines": 0, "percent_statements_covered": 100.0, "percent_statements_covered_display": "100"}, "missing_lines": [], "excluded_lines": [], "start_line": 219}, "has_changes": {"executed_lines": [260, 261], "summary": {"covered_lines": 2, "num_statements": 2, "percent_covered": 100.0, "percent_covered_display": "100", "missing_lines": 0, "excluded_lines": 0, "percent_statements_covered": 100.0, "percent_statements_covered_display": "100"}, "missing_lines": [], "excluded_lines": [], "start_line": 248}, "checkout_branch_resilient": {"executed_lines": [278, 279, 281, 282, 283, 284, 285, 286, 288, 290, 291, 293, 302, 303, 304, 306, 308, 309, 310, 312, 313, 314, 315, 316, 317, 318, 320, 321, 322, 323, 325, 327, 328, 330, 339, 343, 345, 346, 347, 348, 349, 351, 352, 353, 354, 355], "summary": {"covered_lines": 46, "num_statements": 48, "percent_covered": 95.83333333333333, "percent_covered_display": "96", "missing_lines": 2, "excluded_lines": 0, "percent_statements_covered": 95.83333333333333, "percent_statements_covered_display": "96"}, "missing_lines": [340, 341], "excluded_lines": [], "start_line": 264}, "create_and_checkout_branch": {"executed_lines": [372, 373, 374, 375, 397, 398, 399], "summary": {"covered_lines": 7, "num_statements": 15, "percent_covered": 46.666666666666664, "percent_covered_display": "47", "missing_lines": 8, "excluded_lines": 0, "percent_statements_covered": 46.666666666666664, "percent_statements_covered_display": "47"}, "missing_lines": [377, 379, 389, 390, 391, 393, 394, 395], "excluded_lines": [], "start_line": 358}, "push_branch": {"executed_lines": [417, 418, 419, 421, 423, 424, 425, 426, 427, 428, 430, 431], "summary": {"covered_lines": 12, "num_statements": 12, "percent_covered": 100.0, "percent_covered_display": "100", "missing_lines": 0, "excluded_lines": 0, "percent_statements_covered": 100.0, "percent_statements_covered_display": "100"}, "missing_lines": [], "excluded_lines": [], "start_line": 402}, "merge_main_into_branch": {"executed_lines": [451, 453, 457, 458, 461, 469, 470, 472, 479, 487, 488, 489, 491, 492, 493, 494, 495, 507, 508, 510, 511, 512, 513, 514], "summary": {"covered_lines": 24, "num_statements": 34, "percent_covered": 70.58823529411765, "percent_covered_display": "71", "missing_lines": 10, "excluded_lines": 0, "percent_statements_covered": 70.58823529411765, "percent_statements_covered_display": "71"}, "missing_lines": [473, 474, 475, 476, 477, 500, 501, 502, 503, 505], "excluded_lines": [], "start_line": 434}, "is_bare_repository": {"executed_lines": [526, 527], "summary": {"covered_lines": 2, "num_statements": 2, "percent_covered": 100.0, "percent_covered_display": "100", "missing_lines": 0, "excluded_lines": 0, "percent_statements_covered": 100.0, "percent_statements_covered_display": "100"}, "missing_lines": [], "excluded_lines": [], "start_line": 517}, "get_remotes": {"executed_lines": [539, 541, 542, 544, 545, 546, 547, 548, 549, 550, 551, 553], "summary": {"covered_lines": 12, "num_statements": 12, "percent_covered": 100.0, "percent_covered_display": "100", "missing_lines": 0, "excluded_lines": 0, "percent_statements_covered": 100.0, "percent_statements_covered_display": "100"}, "missing_lines": [], "excluded_lines": [], "start_line": 530}, "get_default_branch": {"executed_lines": [565, 567, 568, 570, 571, 572, 573, 575], "summary": {"covered_lines": 8, "num_statements": 8, "percent_covered": 100.0, "percent_covered_display": "100", "missing_lines": 0, "excluded_lines": 0, "percent_statements_covered": 100.0, "percent_statements_covered_display": "100"}, "missing_lines": [], "excluded_lines": [], "start_line": 556}, "branch_exists": {"executed_lines": [588, 589], "summary": {"covered_lines": 2, "num_statements": 2, "percent_covered": 100.0, "percent_covered_display": "100", "missing_lines": 0, "excluded_lines": 0, "percent_statements_covered": 100.0, "percent_statements_covered_display": "100"}, "missing_lines": [], "excluded_lines": [], "start_line": 578}, "get_ahead_behind": {"executed_lines": [603, 604, 606, 607, 616, 617, 618, 619, 621, 622, 624], "summary": {"covered_lines": 11, "num_statements": 11, "percent_covered": 100.0, "percent_covered_display": "100", "missing_lines": 0, "excluded_lines": 0, "percent_statements_covered": 100.0, "percent_statements_covered_display": "100"}, "missing_lines": [], "excluded_lines": [], "start_line": 592}, "pull_from_remote": {"executed_lines": [638, 640, 641, 643, 644], "summary": {"covered_lines": 5, "num_statements": 5, "percent_covered": 100.0, "percent_covered_display": "100", "missing_lines": 0, "excluded_lines": 0, "percent_statements_covered": 100.0, "percent_statements_covered_display": "100"}, "missing_lines": [], "excluded_lines": [], "start_line": 627}, "push_to_remote": {"executed_lines": [658, 661, 663, 664, 666, 667], "summary": {"covered_lines": 6, "num_statements": 7, "percent_covered": 85.71428571428571, "percent_covered_display": "86", "missing_lines": 1, "excluded_lines": 0, "percent_statements_covered": 85.71428571428571, "percent_statements_covered_display": "86"}, "missing_lines": [659], "excluded_lines": [], "start_line": 647}, "is_git_repo": {"executed_lines": [682, 683, 689, 690, 691], "summary": {"covered_lines": 5, "num_statements": 5, "percent_covered": 100.0, "percent_covered_display": "100", "missing_lines": 0, "excluded_lines": 0, "percent_statements_covered": 100.0, "percent_statements_covered_display": "100"}, "missing_lines": [], "excluded_lines": [], "start_line": 670}, "commit_and_push_changes": {"executed_lines": [], "summary": {"covered_lines": 0, "num_statements": 29, "percent_covered": 0.0, "percent_covered_display": "0", "missing_lines": 29, "excluded_lines": 0, "percent_statements_covered": 0.0, "percent_statements_covered_display": "0"}, "missing_lines": [710, 711, 712, 714, 715, 717, 718, 719, 721, 723, 724, 725, 727, 728, 730, 731, 733, 734, 735, 736, 738, 739, 741, 743, 744, 745, 746, 747, 750], "excluded_lines": [], "start_line": 694}, "commit_all_changes": {"executed_lines": [763, 764, 765, 767, 768, 770, 771, 774, 775, 776], "summary": {"covered_lines": 10, "num_statements": 11, "percent_covered": 90.9090909090909, "percent_covered_display": "91", "missing_lines": 1, "excluded_lines": 0, "percent_statements_covered": 90.9090909090909, "percent_statements_covered_display": "91"}, "missing_lines": [772], "excluded_lines": [], "start_line": 753}, "": {"executed_lines": [7, 8, 9, 10, 11, 12, 13, 15, 17, 20, 42, 45, 48, 89, 132, 179, 203, 219, 248, 264, 358, 402, 434, 517, 530, 556, 578, 592, 627, 647, 670, 694, 753], "summary": {"covered_lines": 33, "num_statements": 33, "percent_covered": 100.0, "percent_covered_display": "100", "missing_lines": 0, "excluded_lines": 0, "percent_statements_covered": 100.0, "percent_statements_covered_display": "100"}, "missing_lines": [], "excluded_lines": [], "start_line": 1}}, "classes": {"GitOperationError": {"executed_lines": [], "summary": {"covered_lines": 0, "num_statements": 0, "percent_covered": 100.0, "percent_covered_display": "100", "missing_lines": 0, "excluded_lines": 0, "percent_statements_covered": 100.0, "percent_statements_covered_display": "100"}, "missing_lines": [], "excluded_lines": [], "start_line": 42}, "": {"executed_lines": [7, 8, 9, 10, 11, 12, 13, 15, 17, 20, 30, 31, 33, 35, 37, 39, 42, 45, 48, 70, 71, 79, 80, 81, 82, 83, 84, 85, 86, 89, 103, 104, 105, 107, 113, 114, 122, 125, 132, 144, 151, 152, 153, 154, 155, 156, 157, 158, 159, 164, 166, 167, 176, 179, 191, 193, 194, 195, 196, 197, 198, 200, 203, 215, 216, 219, 229, 230, 231, 232, 234, 235, 236, 237, 238, 239, 241, 242, 243, 244, 245, 248, 260, 261, 264, 278, 279, 281, 282, 283, 284, 285, 286, 288, 290, 291, 293, 302, 303, 304, 306, 308, 309, 310, 312, 313, 314, 315, 316, 317, 318, 320, 321, 322, 323, 325, 327, 328, 330, 339, 343, 345, 346, 347, 348, 349, 351, 352, 353, 354, 355, 358, 372, 373, 374, 375, 397, 398, 399, 402, 417, 418, 419, 421, 423, 424, 425, 426, 427, 428, 430, 431, 434, 451, 453, 457, 458, 461, 469, 470, 472, 479, 487, 488, 489, 491, 492, 493, 494, 495, 507, 508, 510, 511, 512, 513, 514, 517, 526, 527, 530, 539, 541, 542, 544, 545, 546, 547, 548, 549, 550, 551, 553, 556, 565, 567, 568, 570, 571, 572, 573, 575, 578, 588, 589, 592, 603, 604, 606, 607, 616, 617, 618, 619, 621, 622, 624, 627, 638, 640, 641, 643, 644, 647, 658, 661, 663, 664, 666, 667, 670, 682, 683, 689, 690, 691, 694, 753, 763, 764, 765, 767, 768, 770, 771, 774, 775, 776], "summary": {"covered_lines": 248, "num_statements": 299, "percent_covered": 82.94314381270902, "percent_covered_display": "83", "missing_lines": 51, "excluded_lines": 6, "percent_statements_covered": 82.94314381270902, "percent_statements_covered_display": "83"}, "missing_lines": [340, 341, 377, 379, 389, 390, 391, 393, 394, 395, 473, 474, 475, 476, 477, 500, 501, 502, 503, 505, 659, 710, 711, 712, 714, 715, 717, 718, 719, 721, 723, 724, 725, 727, 728, 730, 731, 733, 734, 735, 736, 738, 739, 741, 743, 744, 745, 746, 747, 750, 772], "excluded_lines": [123, 128, 129, 160, 161, 162], "start_line": 1}}}, "src/auto_slopp/utils/github_operations.py": {"executed_lines": [7, 8, 9, 10, 11, 12, 14, 16, 18, 21, 24, 27, 49, 50, 51, 53, 54, 55, 58, 59, 61, 62, 71, 72, 73, 74, 75, 76, 77, 78, 81, 93, 94, 103, 104, 105, 106, 111, 112, 114, 115, 117, 118, 119, 120, 121, 122, 123, 124, 125, 128, 141, 142, 151, 152, 153, 154, 156, 158, 161, 162, 163, 171, 173, 174, 175, 176, 177, 178, 179, 180, 181, 184, 194, 195, 202, 204, 205, 206, 207, 208, 209, 212, 223, 224, 233, 235, 236, 237, 238, 239, 240, 243, 262, 263, 278, 279, 280, 281, 283, 284, 285, 286, 287, 288, 289, 290, 291, 293, 295, 296, 297, 298, 299, 300, 303, 315, 316, 325, 326, 327, 328, 333, 334, 336, 337, 339, 340, 341, 342, 343, 344, 345, 346, 347, 350, 362, 363, 364, 367, 377, 378, 387, 388, 389, 390, 391, 392, 394, 395, 401, 402, 403, 404, 405, 406, 407, 408, 409], "summary": {"covered_lines": 159, "num_statements": 159, "percent_covered": 100.0, "percent_covered_display": "100", "missing_lines": 0, "excluded_lines": 0, "percent_statements_covered": 100.0, "percent_statements_covered_display": "100"}, "missing_lines": [], "excluded_lines": [], "functions": {"_run_gh_command": {"executed_lines": [49, 50, 51, 53, 54, 55, 58, 59, 61, 62, 71, 72, 73, 74, 75, 76, 77, 78], "summary": {"covered_lines": 18, "num_statements": 18, "percent_covered": 100.0, "percent_covered_display": "100", "missing_lines": 0, "excluded_lines": 0, "percent_statements_covered": 100.0, "percent_statements_covered_display": "100"}, "missing_lines": [], "excluded_lines": [], "start_line": 27}, "get_open_issues": {"executed_lines": [93, 94, 103, 104, 105, 106, 111, 112, 114, 115, 117, 118, 119, 120, 121, 122, 123, 124, 125], "summary": {"covered_lines": 19, "num_statements": 19, "percent_covered": 100.0, "percent_covered_display": "100", "missing_lines": 0, "excluded_lines": 0, "percent_statements_covered": 100.0, "percent_statements_covered_display": "100"}, "missing_lines": [], "excluded_lines": [], "start_line": 81}, "get_issue_comments": {"executed_lines": [141, 142, 151, 152, 153, 154, 156, 158, 161, 162, 163, 171, 173, 174, 175, 176, 177, 178, 179, 180, 181], "summary": {"covered_lines": 21, "num_statements": 21, "percent_covered": 100.0, "percent_covered_display": "100", "missing_lines": 0, "excluded_lines": 0, "percent_statements_covered": 100.0, "percent_statements_covered_display": "100"}, "missing_lines": [], "excluded_lines": [], "start_line": 128}, "close_issue": {"executed_lines": [194, 195, 202, 204, 205, 206, 207, 208, 209], "summary": {"covered_lines": 9, "num_statements": 9, "percent_covered": 100.0, "percent_covered_display": "100", "missing_lines": 0, "excluded_lines": 0, "percent_statements_covered": 100.0, "percent_statements_covered_display": "100"}, "missing_lines": [], "excluded_lines": [], "start_line": 184}, "comment_on_issue": {"executed_lines": [223, 224, 233, 235, 236, 237, 238, 239, 240], "summary": {"covered_lines": 9, "num_statements": 9, "percent_covered": 100.0, "percent_covered_display": "100", "missing_lines": 0, "excluded_lines": 0, "percent_statements_covered": 100.0, "percent_statements_covered_display": "100"}, "missing_lines": [], "excluded_lines": [], "start_line": 212}, "create_pull_request": {"executed_lines": [262, 263, 278, 279, 280, 281, 283, 284, 285, 286, 287, 288, 289, 290, 291, 293, 295, 296, 297, 298, 299, 300], "summary": {"covered_lines": 22, "num_statements": 22, "percent_covered": 100.0, "percent_covered_display": "100", "missing_lines": 0, "excluded_lines": 0, "percent_statements_covered": 100.0, "percent_statements_covered_display": "100"}, "missing_lines": [], "excluded_lines": [], "start_line": 243}, "get_open_prs": {"executed_lines": [315, 316, 325, 326, 327, 328, 333, 334, 336, 337, 339, 340, 341, 342, 343, 344, 345, 346, 347], "summary": {"covered_lines": 19, "num_statements": 19, "percent_covered": 100.0, "percent_covered_display": "100", "missing_lines": 0, "excluded_lines": 0, "percent_statements_covered": 100.0, "percent_statements_covered_display": "100"}, "missing_lines": [], "excluded_lines": [], "start_line": 303}, "get_open_pr_branches": {"executed_lines": [362, 363, 364], "summary": {"covered_lines": 3, "num_statements": 3, "percent_covered": 100.0, "percent_covered_display": "100", "missing_lines": 0, "excluded_lines": 0, "percent_statements_covered": 100.0, "percent_statements_covered_display": "100"}, "missing_lines": [], "excluded_lines": [], "start_line": 350}, "get_pr_for_branch": {"executed_lines": [377, 378, 387, 388, 389, 390, 391, 392, 394, 395, 401, 402, 403, 404, 405, 406, 407, 408, 409], "summary": {"covered_lines": 19, "num_statements": 19, "percent_covered": 100.0, "percent_covered_display": "100", "missing_lines": 0, "excluded_lines": 0, "percent_statements_covered": 100.0, "percent_statements_covered_display": "100"}, "missing_lines": [], "excluded_lines": [], "start_line": 367}, "": {"executed_lines": [7, 8, 9, 10, 11, 12, 14, 16, 18, 21, 24, 27, 81, 128, 184, 212, 243, 303, 350, 367], "summary": {"covered_lines": 20, "num_statements": 20, "percent_covered": 100.0, "percent_covered_display": "100", "missing_lines": 0, "excluded_lines": 0, "percent_statements_covered": 100.0, "percent_statements_covered_display": "100"}, "missing_lines": [], "excluded_lines": [], "start_line": 1}}, "classes": {"GitHubOperationError": {"executed_lines": [], "summary": {"covered_lines": 0, "num_statements": 0, "percent_covered": 100.0, "percent_covered_display": "100", "missing_lines": 0, "excluded_lines": 0, "percent_statements_covered": 100.0, "percent_statements_covered_display": "100"}, "missing_lines": [], "excluded_lines": [], "start_line": 21}, "": {"executed_lines": [7, 8, 9, 10, 11, 12, 14, 16, 18, 21, 24, 27, 49, 50, 51, 53, 54, 55, 58, 59, 61, 62, 71, 72, 73, 74, 75, 76, 77, 78, 81, 93, 94, 103, 104, 105, 106, 111, 112, 114, 115, 117, 118, 119, 120, 121, 122, 123, 124, 125, 128, 141, 142, 151, 152, 153, 154, 156, 158, 161, 162, 163, 171, 173, 174, 175, 176, 177, 178, 179, 180, 181, 184, 194, 195, 202, 204, 205, 206, 207, 208, 209, 212, 223, 224, 233, 235, 236, 237, 238, 239, 240, 243, 262, 263, 278, 279, 280, 281, 283, 284, 285, 286, 287, 288, 289, 290, 291, 293, 295, 296, 297, 298, 299, 300, 303, 315, 316, 325, 326, 327, 328, 333, 334, 336, 337, 339, 340, 341, 342, 343, 344, 345, 346, 347, 350, 362, 363, 364, 367, 377, 378, 387, 388, 389, 390, 391, 392, 394, 395, 401, 402, 403, 404, 405, 406, 407, 408, 409], "summary": {"covered_lines": 159, "num_statements": 159, "percent_covered": 100.0, "percent_covered_display": "100", "missing_lines": 0, "excluded_lines": 0, "percent_statements_covered": 100.0, "percent_statements_covered_display": "100"}, "missing_lines": [], "excluded_lines": [], "start_line": 1}}}, "src/auto_slopp/utils/ralph.py": {"executed_lines": [9, 10, 11, 12, 13, 14, 16, 19, 20, 25, 26, 28, 30, 31, 32, 34, 35, 44, 45, 46, 48, 50, 51, 53, 54, 55, 62, 63, 64, 71, 74, 75, 80, 81, 82, 83, 85, 87, 89, 91, 92, 94, 103, 104, 105, 106, 107, 109, 111, 113, 115, 117, 118, 119, 121, 122, 123, 124, 125, 126, 128, 129, 131, 133, 134, 136, 139, 142, 143, 152, 153, 155, 156, 158, 159, 168, 169, 170, 171, 172, 173, 174, 175, 176, 177, 179, 180, 181, 182, 183, 184, 186, 187, 188, 190, 191, 192, 194, 195, 196, 197, 198, 199, 200, 201, 202, 203, 205, 207, 216, 219, 220, 227, 228, 229, 230, 233, 243, 256, 257, 258, 259, 260, 261, 263, 269, 270, 272, 274, 275, 277, 288, 289, 290, 291, 293, 302, 303, 305, 306, 308, 314, 315, 316, 317, 318, 324, 325, 326, 332, 340, 341, 342, 344, 345, 346, 347, 348, 349, 350, 352, 353, 355, 356, 357, 358, 359, 360, 362, 363, 365, 367, 368, 369, 370, 372, 373, 375, 378, 384], "summary": {"covered_lines": 180, "num_statements": 180, "percent_covered": 100.0, "percent_covered_display": "100", "missing_lines": 0, "excluded_lines": 0, "percent_statements_covered": 100.0, "percent_statements_covered_display": "100"}, "missing_lines": [], "excluded_lines": [], "functions": {"Step.to_markdown_line": {"executed_lines": [30, 31, 32], "summary": {"covered_lines": 3, "num_statements": 3, "percent_covered": 100.0, "percent_covered_display": "100", "missing_lines": 0, "excluded_lines": 0, "percent_statements_covered": 100.0, "percent_statements_covered_display": "100"}, "missing_lines": [], "excluded_lines": [], "start_line": 28}, "Step.from_markdown_line": {"executed_lines": [44, 45, 46, 48, 50, 51, 53, 54, 55, 62, 63, 64, 71], "summary": {"covered_lines": 13, "num_statements": 13, "percent_covered": 100.0, "percent_covered_display": "100", "missing_lines": 0, "excluded_lines": 0, "percent_statements_covered": 100.0, "percent_statements_covered_display": "100"}, "missing_lines": [], "excluded_lines": [], "start_line": 35}, "Plan.get_open_steps": {"executed_lines": [87], "summary": {"covered_lines": 1, "num_statements": 1, "percent_covered": 100.0, "percent_covered_display": "100", "missing_lines": 0, "excluded_lines": 0, "percent_statements_covered": 100.0, "percent_statements_covered_display": "100"}, "missing_lines": [], "excluded_lines": [], "start_line": 85}, "Plan.get_next_open_step": {"executed_lines": [91, 92], "summary": {"covered_lines": 2, "num_statements": 2, "percent_covered": 100.0, "percent_covered_display": "100", "missing_lines": 0, "excluded_lines": 0, "percent_statements_covered": 100.0, "percent_statements_covered_display": "100"}, "missing_lines": [], "excluded_lines": [], "start_line": 89}, "Plan.mark_step_closed": {"executed_lines": [103, 104, 105, 106, 107], "summary": {"covered_lines": 5, "num_statements": 5, "percent_covered": 100.0, "percent_covered_display": "100", "missing_lines": 0, "excluded_lines": 0, "percent_statements_covered": 100.0, "percent_statements_covered_display": "100"}, "missing_lines": [], "excluded_lines": [], "start_line": 94}, "Plan.all_steps_closed": {"executed_lines": [111], "summary": {"covered_lines": 1, "num_statements": 1, "percent_covered": 100.0, "percent_covered_display": "100", "missing_lines": 0, "excluded_lines": 0, "percent_statements_covered": 100.0, "percent_statements_covered_display": "100"}, "missing_lines": [], "excluded_lines": [], "start_line": 109}, "Plan.to_markdown": {"executed_lines": [115, 117, 118, 119, 121, 122, 123, 124, 125, 126, 128, 129, 131, 133, 134, 136], "summary": {"covered_lines": 16, "num_statements": 16, "percent_covered": 100.0, "percent_covered_display": "100", "missing_lines": 0, "excluded_lines": 0, "percent_statements_covered": 100.0, "percent_statements_covered_display": "100"}, "missing_lines": [], "excluded_lines": [], "start_line": 113}, "PlanParser.parse_file": {"executed_lines": [152, 153, 155, 156], "summary": {"covered_lines": 4, "num_statements": 4, "percent_covered": 100.0, "percent_covered_display": "100", "missing_lines": 0, "excluded_lines": 0, "percent_statements_covered": 100.0, "percent_statements_covered_display": "100"}, "missing_lines": [], "excluded_lines": [], "start_line": 143}, "PlanParser.parse_content": {"executed_lines": [168, 169, 170, 171, 172, 173, 174, 175, 176, 177, 179, 180, 181, 182, 183, 184, 186, 187, 188, 190, 191, 192, 194, 195, 196, 197, 198, 199, 200, 201, 202, 203, 205, 207], "summary": {"covered_lines": 34, "num_statements": 34, "percent_covered": 100.0, "percent_covered_display": "100", "missing_lines": 0, "excluded_lines": 0, "percent_statements_covered": 100.0, "percent_statements_covered_display": "100"}, "missing_lines": [], "excluded_lines": [], "start_line": 159}, "PlanWriter.write_file": {"executed_lines": [227, 228, 229, 230], "summary": {"covered_lines": 4, "num_statements": 4, "percent_covered": 100.0, "percent_covered_display": "100", "missing_lines": 0, "excluded_lines": 0, "percent_statements_covered": 100.0, "percent_statements_covered_display": "100"}, "missing_lines": [], "excluded_lines": [], "start_line": 220}, "RalphLoop.__init__": {"executed_lines": [256, 257, 258, 259, 260, 261], "summary": {"covered_lines": 6, "num_statements": 6, "percent_covered": 100.0, "percent_covered_display": "100", "missing_lines": 0, "excluded_lines": 0, "percent_statements_covered": 100.0, "percent_statements_covered_display": "100"}, "missing_lines": [], "excluded_lines": [], "start_line": 243}, "RalphLoop.load_plan": {"executed_lines": [269, 270], "summary": {"covered_lines": 2, "num_statements": 2, "percent_covered": 100.0, "percent_covered_display": "100", "missing_lines": 0, "excluded_lines": 0, "percent_statements_covered": 100.0, "percent_statements_covered_display": "100"}, "missing_lines": [], "excluded_lines": [], "start_line": 263}, "RalphLoop.save_plan": {"executed_lines": [274, 275], "summary": {"covered_lines": 2, "num_statements": 2, "percent_covered": 100.0, "percent_covered_display": "100", "missing_lines": 0, "excluded_lines": 0, "percent_statements_covered": 100.0, "percent_statements_covered_display": "100"}, "missing_lines": [], "excluded_lines": [], "start_line": 272}, "RalphLoop.create_plan": {"executed_lines": [288, 289, 290, 291], "summary": {"covered_lines": 4, "num_statements": 4, "percent_covered": 100.0, "percent_covered_display": "100", "missing_lines": 0, "excluded_lines": 0, "percent_statements_covered": 100.0, "percent_statements_covered_display": "100"}, "missing_lines": [], "excluded_lines": [], "start_line": 277}, "RalphLoop.execute_step": {"executed_lines": [302, 303, 305, 306], "summary": {"covered_lines": 4, "num_statements": 4, "percent_covered": 100.0, "percent_covered_display": "100", "missing_lines": 0, "excluded_lines": 0, "percent_statements_covered": 100.0, "percent_statements_covered_display": "100"}, "missing_lines": [], "excluded_lines": [], "start_line": 293}, "RalphLoop.run": {"executed_lines": [314, 315, 316, 317, 318, 324, 325, 326, 332, 340, 341, 342, 344, 345, 346, 347, 348, 349, 350, 352, 353, 355, 356, 357, 358, 359, 360, 362, 363, 365, 367, 368, 369, 370, 372, 373, 375], "summary": {"covered_lines": 37, "num_statements": 37, "percent_covered": 100.0, "percent_covered_display": "100", "missing_lines": 0, "excluded_lines": 0, "percent_statements_covered": 100.0, "percent_statements_covered_display": "100"}, "missing_lines": [], "excluded_lines": [], "start_line": 308}, "create_default_plan_steps": {"executed_lines": [384], "summary": {"covered_lines": 1, "num_statements": 1, "percent_covered": 100.0, "percent_covered_display": "100", "missing_lines": 0, "excluded_lines": 0, "percent_statements_covered": 100.0, "percent_statements_covered_display": "100"}, "missing_lines": [], "excluded_lines": [], "start_line": 378}, "": {"executed_lines": [9, 10, 11, 12, 13, 14, 16, 19, 20, 25, 26, 28, 34, 35, 74, 75, 80, 81, 82, 83, 85, 89, 94, 109, 113, 139, 142, 143, 158, 159, 216, 219, 220, 233, 243, 263, 272, 277, 293, 308, 378], "summary": {"covered_lines": 41, "num_statements": 41, "percent_covered": 100.0, "percent_covered_display": "100", "missing_lines": 0, "excluded_lines": 0, "percent_statements_covered": 100.0, "percent_statements_covered_display": "100"}, "missing_lines": [], "excluded_lines": [], "start_line": 1}}, "classes": {"Step": {"executed_lines": [30, 31, 32, 44, 45, 46, 48, 50, 51, 53, 54, 55, 62, 63, 64, 71], "summary": {"covered_lines": 16, "num_statements": 16, "percent_covered": 100.0, "percent_covered_display": "100", "missing_lines": 0, "excluded_lines": 0, "percent_statements_covered": 100.0, "percent_statements_covered_display": "100"}, "missing_lines": [], "excluded_lines": [], "start_line": 20}, "Plan": {"executed_lines": [87, 91, 92, 103, 104, 105, 106, 107, 111, 115, 117, 118, 119, 121, 122, 123, 124, 125, 126, 128, 129, 131, 133, 134, 136], "summary": {"covered_lines": 25, "num_statements": 25, "percent_covered": 100.0, "percent_covered_display": "100", "missing_lines": 0, "excluded_lines": 0, "percent_statements_covered": 100.0, "percent_statements_covered_display": "100"}, "missing_lines": [], "excluded_lines": [], "start_line": 75}, "PlanParser": {"executed_lines": [152, 153, 155, 156, 168, 169, 170, 171, 172, 173, 174, 175, 176, 177, 179, 180, 181, 182, 183, 184, 186, 187, 188, 190, 191, 192, 194, 195, 196, 197, 198, 199, 200, 201, 202, 203, 205, 207], "summary": {"covered_lines": 38, "num_statements": 38, "percent_covered": 100.0, "percent_covered_display": "100", "missing_lines": 0, "excluded_lines": 0, "percent_statements_covered": 100.0, "percent_statements_covered_display": "100"}, "missing_lines": [], "excluded_lines": [], "start_line": 139}, "PlanWriter": {"executed_lines": [227, 228, 229, 230], "summary": {"covered_lines": 4, "num_statements": 4, "percent_covered": 100.0, "percent_covered_display": "100", "missing_lines": 0, "excluded_lines": 0, "percent_statements_covered": 100.0, "percent_statements_covered_display": "100"}, "missing_lines": [], "excluded_lines": [], "start_line": 216}, "RalphLoop": {"executed_lines": [256, 257, 258, 259, 260, 261, 269, 270, 274, 275, 288, 289, 290, 291, 302, 303, 305, 306, 314, 315, 316, 317, 318, 324, 325, 326, 332, 340, 341, 342, 344, 345, 346, 347, 348, 349, 350, 352, 353, 355, 356, 357, 358, 359, 360, 362, 363, 365, 367, 368, 369, 370, 372, 373, 375], "summary": {"covered_lines": 55, "num_statements": 55, "percent_covered": 100.0, "percent_covered_display": "100", "missing_lines": 0, "excluded_lines": 0, "percent_statements_covered": 100.0, "percent_statements_covered_display": "100"}, "missing_lines": [], "excluded_lines": [], "start_line": 233}, "": {"executed_lines": [9, 10, 11, 12, 13, 14, 16, 19, 20, 25, 26, 28, 34, 35, 74, 75, 80, 81, 82, 83, 85, 89, 94, 109, 113, 139, 142, 143, 158, 159, 216, 219, 220, 233, 243, 263, 272, 277, 293, 308, 378, 384], "summary": {"covered_lines": 42, "num_statements": 42, "percent_covered": 100.0, "percent_covered_display": "100", "missing_lines": 0, "excluded_lines": 0, "percent_statements_covered": 100.0, "percent_statements_covered_display": "100"}, "missing_lines": [], "excluded_lines": [], "start_line": 1}}}, "src/auto_slopp/utils/repository_utils.py": {"executed_lines": [7, 8, 10, 20, 29, 30, 32, 33, 34, 35, 36, 37, 38, 41, 50, 63, 64, 65, 67, 68, 69, 72, 73, 74, 76, 78, 79, 81, 82, 84, 86, 88, 89, 91, 94, 104, 106, 107, 109, 110, 111, 113, 119, 120, 121, 123, 125, 127, 130, 139, 140, 145, 146, 147, 148, 150, 159, 161, 162], "summary": {"covered_lines": 59, "num_statements": 59, "percent_covered": 100.0, "percent_covered_display": "100", "missing_lines": 0, "excluded_lines": 0, "percent_statements_covered": 100.0, "percent_statements_covered_display": "100"}, "missing_lines": [], "excluded_lines": [], "functions": {"is_git_repository": {"executed_lines": [29, 30, 32, 33, 34, 35, 36, 37, 38], "summary": {"covered_lines": 9, "num_statements": 9, "percent_covered": 100.0, "percent_covered_display": "100", "missing_lines": 0, "excluded_lines": 0, "percent_statements_covered": 100.0, "percent_statements_covered_display": "100"}, "missing_lines": [], "excluded_lines": [], "start_line": 20}, "validate_repository": {"executed_lines": [50, 63, 64, 65, 67, 68, 69, 72, 73, 74, 76, 78, 79, 81, 82, 84, 86, 88, 89, 91], "summary": {"covered_lines": 20, "num_statements": 20, "percent_covered": 100.0, "percent_covered_display": "100", "missing_lines": 0, "excluded_lines": 0, "percent_statements_covered": 100.0, "percent_statements_covered_display": "100"}, "missing_lines": [], "excluded_lines": [], "start_line": 41}, "discover_repositories": {"executed_lines": [104, 106, 107, 109, 110, 111, 113, 119, 120, 121, 123, 125, 127], "summary": {"covered_lines": 13, "num_statements": 13, "percent_covered": 100.0, "percent_covered_display": "100", "missing_lines": 0, "excluded_lines": 0, "percent_statements_covered": 100.0, "percent_statements_covered_display": "100"}, "missing_lines": [], "excluded_lines": [], "start_line": 94}, "get_repository_status": {"executed_lines": [139, 140, 145, 146, 147, 148, 150, 159, 161, 162], "summary": {"covered_lines": 10, "num_statements": 10, "percent_covered": 100.0, "percent_covered_display": "100", "missing_lines": 0, "excluded_lines": 0, "percent_statements_covered": 100.0, "percent_statements_covered_display": "100"}, "missing_lines": [], "excluded_lines": [], "start_line": 130}, "": {"executed_lines": [7, 8, 10, 20, 41, 94, 130], "summary": {"covered_lines": 7, "num_statements": 7, "percent_covered": 100.0, "percent_covered_display": "100", "missing_lines": 0, "excluded_lines": 0, "percent_statements_covered": 100.0, "percent_statements_covered_display": "100"}, "missing_lines": [], "excluded_lines": [], "start_line": 1}}, "classes": {"": {"executed_lines": [7, 8, 10, 20, 29, 30, 32, 33, 34, 35, 36, 37, 38, 41, 50, 63, 64, 65, 67, 68, 69, 72, 73, 74, 76, 78, 79, 81, 82, 84, 86, 88, 89, 91, 94, 104, 106, 107, 109, 110, 111, 113, 119, 120, 121, 123, 125, 127, 130, 139, 140, 145, 146, 147, 148, 150, 159, 161, 162], "summary": {"covered_lines": 59, "num_statements": 59, "percent_covered": 100.0, "percent_covered_display": "100", "missing_lines": 0, "excluded_lines": 0, "percent_statements_covered": 100.0, "percent_statements_covered_display": "100"}, "missing_lines": [], "excluded_lines": [], "start_line": 1}}}, "src/auto_slopp/worker.py": {"executed_lines": [3, 4, 5, 8, 16, 17], "summary": {"covered_lines": 6, "num_statements": 6, "percent_covered": 100.0, "percent_covered_display": "100", "missing_lines": 0, "excluded_lines": 1, "percent_statements_covered": 100.0, "percent_statements_covered_display": "100"}, "missing_lines": [], "excluded_lines": [26], "functions": {"Worker.run": {"executed_lines": [], "summary": {"covered_lines": 0, "num_statements": 0, "percent_covered": 100.0, "percent_covered_display": "100", "missing_lines": 0, "excluded_lines": 1, "percent_statements_covered": 100.0, "percent_statements_covered_display": "100"}, "missing_lines": [], "excluded_lines": [26], "start_line": 17}, "": {"executed_lines": [3, 4, 5, 8, 16, 17], "summary": {"covered_lines": 6, "num_statements": 6, "percent_covered": 100.0, "percent_covered_display": "100", "missing_lines": 0, "excluded_lines": 0, "percent_statements_covered": 100.0, "percent_statements_covered_display": "100"}, "missing_lines": [], "excluded_lines": [], "start_line": 1}}, "classes": {"Worker": {"executed_lines": [], "summary": {"covered_lines": 0, "num_statements": 0, "percent_covered": 100.0, "percent_covered_display": "100", "missing_lines": 0, "excluded_lines": 1, "percent_statements_covered": 100.0, "percent_statements_covered_display": "100"}, "missing_lines": [], "excluded_lines": [26], "start_line": 8}, "": {"executed_lines": [3, 4, 5, 8, 16, 17], "summary": {"covered_lines": 6, "num_statements": 6, "percent_covered": 100.0, "percent_covered_display": "100", "missing_lines": 0, "excluded_lines": 0, "percent_statements_covered": 100.0, "percent_statements_covered_display": "100"}, "missing_lines": [], "excluded_lines": [], "start_line": 1}}}, "src/auto_slopp/workers/github_issue_worker.py": {"executed_lines": [11, 12, 13, 14, 15, 17, 21, 31, 39, 44, 45, 48, 57, 58, 61, 70, 71, 74, 83, 84, 85, 92, 101, 102, 106, 115, 118, 124, 133, 139, 154, 162, 175, 176, 177, 178, 180, 189, 190, 192, 193, 199, 201, 202, 203, 204, 205, 206, 208, 210, 211, 212, 213, 214, 216, 217, 219, 220, 221, 223, 224, 225, 226, 227, 229, 233, 234, 236, 238, 240, 256, 265, 266, 272, 273, 274, 275, 277, 286, 287, 288, 290, 291, 292, 294, 296, 305, 306, 307, 308, 310, 311, 313, 322, 323, 325, 326, 328, 329, 330, 332, 334, 343, 344, 345, 346, 348, 353, 355, 365, 367, 368, 369, 371, 373, 374, 375, 379, 395, 396, 398, 399, 400, 401, 402, 404, 405, 406, 407, 409, 410, 418, 419, 420, 422, 426, 428, 430, 437, 438, 439, 441, 446, 447, 448, 450, 453, 454, 456, 457, 458, 460, 462, 463, 464, 466, 467, 468, 469, 470, 472, 479, 481, 482, 483, 484, 485, 487, 495, 496, 497, 498, 500, 501, 508, 509, 511, 512, 514, 515, 516, 517, 518, 519, 524, 526, 527, 528, 530, 532, 542, 543, 552, 560, 561, 569, 571, 579, 580, 582, 584, 586, 596, 597, 598, 600, 622, 623, 624, 626, 636, 643, 651, 652, 657, 658, 659, 660, 665, 666, 671, 673, 675, 676, 677, 678, 680, 681, 683, 684, 685, 687, 688, 693, 694, 696, 706, 707, 714, 715, 716, 717, 718, 726, 727, 728, 729, 730, 731, 733, 742, 743, 744, 745, 747, 755, 756, 757, 758, 760, 761, 763, 764, 765, 766, 768, 776, 777, 782, 783, 784, 785, 786, 788, 789, 790, 795, 796, 804, 805, 806, 810, 812, 813, 814, 816, 840, 849, 851, 859, 860, 862, 864, 866, 876, 883, 891, 892, 897, 898, 899, 904, 906, 916, 923, 930, 931, 936, 938, 960, 961, 962, 964, 976, 985, 986, 987, 988, 989, 991, 1000, 1002, 1018, 1027, 1028, 1041, 1050, 1051, 1062, 1064, 1065, 1066, 1067, 1069, 1070, 1072, 1073, 1074, 1075, 1077, 1078, 1080, 1081, 1082, 1083, 1085, 1087, 1089, 1090, 1091, 1092, 1093, 1094, 1095, 1096, 1098, 1100, 1101, 1102, 1103, 1104, 1105, 1106, 1109, 1111, 1112, 1113, 1114, 1115, 1117, 1135, 1136, 1137, 1139, 1149, 1157, 1158, 1160, 1161, 1163, 1164, 1171, 1178, 1181, 1182, 1185, 1186, 1188, 1190, 1198, 1215, 1217, 1234, 1236, 1238, 1240, 1242, 1244, 1245], "summary": {"covered_lines": 399, "num_statements": 415, "percent_covered": 96.144578313253, "percent_covered_display": "96", "missing_lines": 16, "excluded_lines": 0, "percent_statements_covered": 96.144578313253, "percent_statements_covered_display": "96"}, "missing_lines": [103, 423, 424, 442, 443, 444, 502, 503, 504, 520, 522, 807, 808, 1107, 1179, 1183], "excluded_lines": [], "functions": {"extract_author_login": {"executed_lines": [57, 58], "summary": {"covered_lines": 2, "num_statements": 2, "percent_covered": 100.0, "percent_covered_display": "100", "missing_lines": 0, "excluded_lines": 0, "percent_statements_covered": 100.0, "percent_statements_covered_display": "100"}, "missing_lines": [], "excluded_lines": [], "start_line": 48}, "extract_label_names": {"executed_lines": [70, 71], "summary": {"covered_lines": 2, "num_statements": 2, "percent_covered": 100.0, "percent_covered_display": "100", "missing_lines": 0, "excluded_lines": 0, "percent_statements_covered": 100.0, "percent_statements_covered_display": "100"}, "missing_lines": [], "excluded_lines": [], "start_line": 61}, "build_branch_instruction": {"executed_lines": [83, 84, 85], "summary": {"covered_lines": 3, "num_statements": 3, "percent_covered": 100.0, "percent_covered_display": "100", "missing_lines": 0, "excluded_lines": 0, "percent_statements_covered": 100.0, "percent_statements_covered_display": "100"}, "missing_lines": [], "excluded_lines": [], "start_line": 74}, "build_comments_section": {"executed_lines": [101, 102], "summary": {"covered_lines": 2, "num_statements": 3, "percent_covered": 66.66666666666667, "percent_covered_display": "67", "missing_lines": 1, "excluded_lines": 0, "percent_statements_covered": 66.66666666666667, "percent_statements_covered_display": "67"}, "missing_lines": [103], "excluded_lines": [], "start_line": 92}, "build_body_section": {"executed_lines": [115], "summary": {"covered_lines": 1, "num_statements": 1, "percent_covered": 100.0, "percent_covered_display": "100", "missing_lines": 0, "excluded_lines": 0, "percent_statements_covered": 100.0, "percent_statements_covered_display": "100"}, "missing_lines": [], "excluded_lines": [], "start_line": 106}, "build_task_directive": {"executed_lines": [124], "summary": {"covered_lines": 1, "num_statements": 1, "percent_covered": 100.0, "percent_covered_display": "100", "missing_lines": 0, "excluded_lines": 0, "percent_statements_covered": 100.0, "percent_statements_covered_display": "100"}, "missing_lines": [], "excluded_lines": [], "start_line": 118}, "build_plan_text": {"executed_lines": [139], "summary": {"covered_lines": 1, "num_statements": 1, "percent_covered": 100.0, "percent_covered_display": "100", "missing_lines": 0, "excluded_lines": 0, "percent_statements_covered": 100.0, "percent_statements_covered_display": "100"}, "missing_lines": [], "excluded_lines": [], "start_line": 133}, "GitHubIssueWorker.__init__": {"executed_lines": [175, 176, 177, 178], "summary": {"covered_lines": 4, "num_statements": 4, "percent_covered": 100.0, "percent_covered_display": "100", "missing_lines": 0, "excluded_lines": 0, "percent_statements_covered": 100.0, "percent_statements_covered_display": "100"}, "missing_lines": [], "excluded_lines": [], "start_line": 162}, "GitHubIssueWorker.run": {"executed_lines": [189, 190, 192, 193, 199, 201, 202, 203, 204, 205, 206, 208, 210, 211, 212, 213, 214, 216, 217, 219, 220, 221, 223, 224, 225, 226, 227, 229, 233, 234, 236], "summary": {"covered_lines": 31, "num_statements": 31, "percent_covered": 100.0, "percent_covered_display": "100", "missing_lines": 0, "excluded_lines": 0, "percent_statements_covered": 100.0, "percent_statements_covered_display": "100"}, "missing_lines": [], "excluded_lines": [], "start_line": 180}, "GitHubIssueWorker._create_results_dict": {"executed_lines": [240], "summary": {"covered_lines": 1, "num_statements": 1, "percent_covered": 100.0, "percent_covered_display": "100", "missing_lines": 0, "excluded_lines": 0, "percent_statements_covered": 100.0, "percent_statements_covered_display": "100"}, "missing_lines": [], "excluded_lines": [], "start_line": 238}, "GitHubIssueWorker._checkout_main_branch": {"executed_lines": [265, 266, 272, 273, 274, 275], "summary": {"covered_lines": 6, "num_statements": 6, "percent_covered": 100.0, "percent_covered_display": "100", "missing_lines": 0, "excluded_lines": 0, "percent_statements_covered": 100.0, "percent_statements_covered_display": "100"}, "missing_lines": [], "excluded_lines": [], "start_line": 256}, "GitHubIssueWorker._is_renovate_issue": {"executed_lines": [286, 287, 288, 290, 291, 292, 294], "summary": {"covered_lines": 7, "num_statements": 7, "percent_covered": 100.0, "percent_covered_display": "100", "missing_lines": 0, "excluded_lines": 0, "percent_statements_covered": 100.0, "percent_statements_covered_display": "100"}, "missing_lines": [], "excluded_lines": [], "start_line": 277}, "GitHubIssueWorker._filter_renovate_issues": {"executed_lines": [305, 306, 307, 308, 310, 311], "summary": {"covered_lines": 6, "num_statements": 6, "percent_covered": 100.0, "percent_covered_display": "100", "missing_lines": 0, "excluded_lines": 0, "percent_statements_covered": 100.0, "percent_statements_covered_display": "100"}, "missing_lines": [], "excluded_lines": [], "start_line": 296}, "GitHubIssueWorker._should_process_issue": {"executed_lines": [322, 323, 325, 326, 328, 329, 330, 332], "summary": {"covered_lines": 8, "num_statements": 8, "percent_covered": 100.0, "percent_covered_display": "100", "missing_lines": 0, "excluded_lines": 0, "percent_statements_covered": 100.0, "percent_statements_covered_display": "100"}, "missing_lines": [], "excluded_lines": [], "start_line": 313}, "GitHubIssueWorker._filter_by_label_and_creator": {"executed_lines": [343, 344, 345, 346, 348, 353], "summary": {"covered_lines": 6, "num_statements": 6, "percent_covered": 100.0, "percent_covered_display": "100", "missing_lines": 0, "excluded_lines": 0, "percent_statements_covered": 100.0, "percent_statements_covered_display": "100"}, "missing_lines": [], "excluded_lines": [], "start_line": 334}, "GitHubIssueWorker._process_single_issue": {"executed_lines": [365, 367, 368, 369, 371, 373, 374, 375, 379, 395, 396, 398, 399, 400, 401, 402, 404, 405, 406, 407, 409, 410, 418, 419, 420, 422, 426, 428, 430, 437, 438, 439, 441, 446, 447, 448, 450, 453, 454, 456, 457, 458, 460, 462, 463, 464, 466, 467, 468, 469, 470, 472, 479, 481, 482, 483, 484, 485, 487, 495, 496, 497, 498, 500, 501, 508, 509, 511, 512, 514, 515, 516, 517, 518, 519, 524, 526, 527, 528, 530], "summary": {"covered_lines": 80, "num_statements": 90, "percent_covered": 88.88888888888889, "percent_covered_display": "89", "missing_lines": 10, "excluded_lines": 0, "percent_statements_covered": 88.88888888888889, "percent_statements_covered_display": "89"}, "missing_lines": [423, 424, 442, 443, 444, 502, 503, 504, 520, 522], "excluded_lines": [], "start_line": 355}, "GitHubIssueWorker._execute_with_ralph_loop": {"executed_lines": [542, 543, 552, 560, 561, 569, 571, 579, 580], "summary": {"covered_lines": 9, "num_statements": 9, "percent_covered": 100.0, "percent_covered_display": "100", "missing_lines": 0, "excluded_lines": 0, "percent_statements_covered": 100.0, "percent_statements_covered_display": "100"}, "missing_lines": [], "excluded_lines": [], "start_line": 532}, "GitHubIssueWorker._get_issue_task_path": {"executed_lines": [584], "summary": {"covered_lines": 1, "num_statements": 1, "percent_covered": 100.0, "percent_covered_display": "100", "missing_lines": 0, "excluded_lines": 0, "percent_statements_covered": 100.0, "percent_statements_covered_display": "100"}, "missing_lines": [], "excluded_lines": [], "start_line": 582}, "GitHubIssueWorker._create_issue_task_file": {"executed_lines": [596, 597, 598, 600, 622, 623, 624], "summary": {"covered_lines": 7, "num_statements": 7, "percent_covered": 100.0, "percent_covered_display": "100", "missing_lines": 0, "excluded_lines": 0, "percent_statements_covered": 100.0, "percent_statements_covered_display": "100"}, "missing_lines": [], "excluded_lines": [], "start_line": 586}, "GitHubIssueWorker._refine_issue_task_file": {"executed_lines": [636, 643, 651, 652, 657, 658, 659, 660, 665, 666, 671], "summary": {"covered_lines": 11, "num_statements": 11, "percent_covered": 100.0, "percent_covered_display": "100", "missing_lines": 0, "excluded_lines": 0, "percent_statements_covered": 100.0, "percent_statements_covered_display": "100"}, "missing_lines": [], "excluded_lines": [], "start_line": 626}, "GitHubIssueWorker._ensure_last_step_is_make_test": {"executed_lines": [675, 676, 677, 678, 680, 681, 683, 684, 685, 687, 688, 693, 694], "summary": {"covered_lines": 13, "num_statements": 13, "percent_covered": 100.0, "percent_covered_display": "100", "missing_lines": 0, "excluded_lines": 0, "percent_statements_covered": 100.0, "percent_statements_covered_display": "100"}, "missing_lines": [], "excluded_lines": [], "start_line": 673}, "GitHubIssueWorker._run_refined_task_loop": {"executed_lines": [706, 707, 714, 715, 716, 717, 718, 726, 727, 728, 729, 730, 731, 733, 742, 743, 744, 745, 747, 755, 756, 757, 758, 760, 761, 763, 764, 765, 766, 768, 776, 777, 782, 783, 784, 785, 786, 788, 789, 790, 795, 796, 804, 805, 806, 810, 812, 813, 814], "su
[...]
483, 484, 485, 487, 495, 496, 497, 498, 500, 501, 508, 509, 511, 512, 514, 515, 516, 517, 518, 519, 524, 526, 527, 528, 530, 542, 543, 552, 560, 561, 569, 571, 579, 580, 584, 596, 597, 598, 600, 622, 623, 624, 636, 643, 651, 652, 657, 658, 659, 660, 665, 666, 671, 675, 676, 677, 678, 680, 681, 683, 684, 685, 687, 688, 693, 694, 706, 707, 714, 715, 716, 717, 718, 726, 727, 728, 729, 730, 731, 733, 742, 743, 744, 745, 747, 755, 756, 757, 758, 760, 761, 763, 764, 765, 766, 768, 776, 777, 782, 783, 784, 785, 786, 788, 789, 790, 795, 796, 804, 805, 806, 810, 812, 813, 814, 840, 849, 851, 859, 860, 862, 864, 876, 883, 891, 892, 897, 898, 899, 904, 916, 923, 930, 931, 936, 960, 961, 962, 964, 985, 986, 987, 988, 989, 1000, 1002, 1027, 1028, 1050, 1051, 1064, 1065, 1066, 1067, 1069, 1070, 1072, 1073, 1074, 1075, 1077, 1078, 1080, 1081, 1082, 1083, 1085, 1089, 1090, 1091, 1092, 1093, 1094, 1095, 1096, 1100, 1101, 1102, 1103, 1104, 1105, 1106, 1111, 1112, 1113, 1114, 1115, 1135, 1136, 1137, 1139, 1157, 1158, 1160, 1161, 1163, 1164, 1171, 1178, 1181, 1182, 1185, 1186, 1188, 1198, 1217, 1236, 1240, 1244, 1245], "summary": {"covered_lines": 334, "num_statements": 349, "percent_covered": 95.70200573065902, "percent_covered_display": "96", "missing_lines": 15, "excluded_lines": 0, "percent_statements_covered": 95.70200573065902, "percent_statements_covered_display": "96"}, "missing_lines": [423, 424, 442, 443, 444, 502, 503, 504, 520, 522, 807, 808, 1107, 1179, 1183], "excluded_lines": [], "start_line": 154}, "": {"executed_lines": [11, 12, 13, 14, 15, 17, 21, 31, 39, 44, 45, 48, 57, 58, 61, 70, 71, 74, 83, 84, 85, 92, 101, 102, 106, 115, 118, 124, 133, 139, 154, 162, 180, 238, 256, 277, 296, 313, 334, 355, 532, 582, 586, 626, 673, 696, 816, 866, 906, 938, 976, 991, 1018, 1041, 1062, 1087, 1098, 1109, 1117, 1149, 1190, 1215, 1234, 1238, 1242], "summary": {"covered_lines": 65, "num_statements": 66, "percent_covered": 98.48484848484848, "percent_covered_display": "98", "missing_lines": 1, "excluded_lines": 0, "percent_statements_covered": 98.48484848484848, "percent_statements_covered_display": "98"}, "missing_lines": [103], "excluded_lines": [], "start_line": 1}}}, "src/auto_slopp/workers/pr_worker.py": {"executed_lines": [7, 8, 9, 10, 12, 13, 18, 19, 20, 21, 24, 27, 33, 34, 36, 45, 47, 48, 57, 59, 71, 73, 74, 77, 78, 79, 82, 84, 85, 87, 88, 89, 90, 91, 92, 93, 95, 96, 97, 99, 105, 107, 116, 126, 127, 128, 130, 131, 132, 133, 134, 136, 137, 139, 140, 141, 143, 144, 145, 146, 147, 148, 149, 150, 152, 153, 155, 156, 165, 167, 168, 169, 170, 171, 172, 173, 174, 175, 176, 178, 179, 180, 182, 184, 185, 186, 188, 190, 191, 192, 194, 196, 205, 206, 208, 209, 210, 211, 213, 214, 216, 220, 222, 232, 234, 235, 237, 239, 241, 251, 253, 255, 256, 257, 259, 260, 262, 272, 274, 276, 277, 278, 280, 281, 283, 292, 293, 301, 307, 308, 313, 314, 320, 329, 331, 340, 347, 356, 358, 367], "summary": {"covered_lines": 140, "num_statements": 140, "percent_covered": 100.0, "percent_covered_display": "100", "missing_lines": 0, "excluded_lines": 0, "percent_statements_covered": 100.0, "percent_statements_covered_display": "100"}, "missing_lines": [], "excluded_lines": [], "functions": {"PRWorker.__init__": {"executed_lines": [33, 34], "summary": {"covered_lines": 2, "num_statements": 2, "percent_covered": 100.0, "percent_covered_display": "100", "missing_lines": 0, "excluded_lines": 0, "percent_statements_covered": 100.0, "percent_statements_covered_display": "100"}, "missing_lines": [], "excluded_lines": [], "start_line": 27}, "PRWorker.run": {"executed_lines": [45, 47, 48, 57, 59, 71, 73, 74, 77, 78, 79, 82, 84, 85, 87, 88, 89, 90, 91, 92, 93, 95, 96, 97, 99, 105], "summary": {"covered_lines": 26, "num_statements": 26, "percent_covered": 100.0, "percent_covered_display": "100", "missing_lines": 0, "excluded_lines": 0, "percent_statements_covered": 100.0, "percent_statements_covered_display": "100"}, "missing_lines": [], "excluded_lines": [], "start_line": 36}, "PRWorker._process_repository": {"executed_lines": [116, 126, 127, 128, 130, 131, 132, 133, 134, 136, 137, 139, 140, 141, 143, 144, 145, 146, 147, 148, 149, 150, 152, 153, 155, 156, 165, 167, 168, 169, 170, 171, 172, 173, 174, 175, 176, 178, 179, 180, 182, 184, 185, 186, 188, 190, 191, 192, 194], "summary": {"covered_lines": 49, "num_statements": 49, "percent_covered": 100.0, "percent_covered_display": "100", "missing_lines": 0, "excluded_lines": 0, "percent_statements_covered": 100.0, "percent_statements_covered_display": "100"}, "missing_lines": [], "excluded_lines": [], "start_line": 107}, "PRWorker._get_open_pr_branches": {"executed_lines": [205, 206, 208, 209, 210, 211, 213, 214, 216, 220], "summary": {"covered_lines": 10, "num_statements": 10, "percent_covered": 100.0, "percent_covered_display": "100", "missing_lines": 0, "excluded_lines": 0, "percent_statements_covered": 100.0, "percent_statements_covered_display": "100"}, "missing_lines": [], "excluded_lines": [], "start_line": 196}, "PRWorker._checkout_branch": {"executed_lines": [232, 234, 235, 237, 239], "summary": {"covered_lines": 5, "num_statements": 5, "percent_covered": 100.0, "percent_covered_display": "100", "missing_lines": 0, "excluded_lines": 0, "percent_statements_covered": 100.0, "percent_statements_covered_display": "100"}, "missing_lines": [], "excluded_lines": [], "start_line": 222}, "PRWorker._update_branch_with_main": {"executed_lines": [251, 253, 255, 256, 257, 259, 260], "summary": {"covered_lines": 7, "num_statements": 7, "percent_covered": 100.0, "percent_covered_display": "100", "missing_lines": 0, "excluded_lines": 0, "percent_statements_covered": 100.0, "percent_statements_covered_display": "100"}, "missing_lines": [], "excluded_lines": [], "start_line": 241}, "PRWorker._push_branch": {"executed_lines": [272, 274, 276, 277, 278, 280, 281], "summary": {"covered_lines": 7, "num_statements": 7, "percent_covered": 100.0, "percent_covered_display": "100", "missing_lines": 0, "excluded_lines": 0, "percent_statements_covered": 100.0, "percent_statements_covered_display": "100"}, "missing_lines": [], "excluded_lines": [], "start_line": 262}, "PRWorker._run_tests": {"executed_lines": [292, 293, 301, 307, 308, 313, 314], "summary": {"covered_lines": 7, "num_statements": 7, "percent_covered": 100.0, "percent_covered_display": "100", "missing_lines": 0, "excluded_lines": 0, "percent_statements_covered": 100.0, "percent_statements_covered_display": "100"}, "missing_lines": [], "excluded_lines": [], "start_line": 283}, "PRWorker._fix_tests_with_cli": {"executed_lines": [329, 331, 340], "summary": {"covered_lines": 3, "num_statements": 3, "percent_covered": 100.0, "percent_covered_display": "100", "missing_lines": 0, "excluded_lines": 0, "percent_statements_covered": 100.0, "percent_statements_covered_display": "100"}, "missing_lines": [], "excluded_lines": [], "start_line": 320}, "PRWorker._fix_merge_with_cli": {"executed_lines": [356, 358, 367], "summary": {"covered_lines": 3, "num_statements": 3, "percent_covered": 100.0, "percent_covered_display": "100", "missing_lines": 0, "excluded_lines": 0, "percent_statements_covered": 100.0, "percent_statements_covered_display": "100"}, "missing_lines": [], "excluded_lines": [], "start_line": 347}, "": {"executed_lines": [7, 8, 9, 10, 12, 13, 18, 19, 20, 21, 24, 27, 36, 107, 196, 222, 241, 262, 283, 320, 347], "summary": {"covered_lines": 21, "num_statements": 21, "percent_covered": 100.0, "percent_covered_display": "100", "missing_lines": 0, "excluded_lines": 0, "percent_statements_covered": 100.0, "percent_statements_covered_display": "100"}, "missing_lines": [], "excluded_lines": [], "start_line": 1}}, "classes": {"PRWorker": {"executed_lines": [33, 34, 45, 47, 48, 57, 59, 71, 73, 74, 77, 78, 79, 82, 84, 85, 87, 88, 89, 90, 91, 92, 93, 95, 96, 97, 99, 105, 116, 126, 127, 128, 130, 131, 132, 133, 134, 136, 137, 139, 140, 141, 143, 144, 145, 146, 147, 148, 149, 150, 152, 153, 155, 156, 165, 167, 168, 169, 170, 171, 172, 173, 174, 175, 176, 178, 179, 180, 182, 184, 185, 186, 188, 190, 191, 192, 194, 205, 206, 208, 209, 210, 211, 213, 214, 216, 220, 232, 234, 235, 237, 239, 251, 253, 255, 256, 257, 259, 260, 272, 274, 276, 277, 278, 280, 281, 292, 293, 301, 307, 308, 313, 314, 329, 331, 340, 356, 358, 367], "summary": {"covered_lines": 119, "num_statements": 119, "percent_covered": 100.0, "percent_covered_display": "100", "missing_lines": 0, "excluded_lines": 0, "percent_statements_covered": 100.0, "percent_statements_covered_display": "100"}, "missing_lines": [], "excluded_lines": [], "start_line": 24}, "": {"executed_lines": [7, 8, 9, 10, 12, 13, 18, 19, 20, 21, 24, 27, 36, 107, 196, 222, 241, 262, 283, 320, 347], "summary": {"covered_lines": 21, "num_statements": 21, "percent_covered": 100.0, "percent_covered_display": "100", "missing_lines": 0, "excluded_lines": 0, "percent_statements_covered": 100.0, "percent_statements_covered_display": "100"}, "missing_lines": [], "excluded_lines": [], "start_line": 1}}}, "src/auto_slopp/workers/stale_branch_cleanup_worker.py": {"executed_lines": [7, 8, 9, 10, 12, 13, 18, 21, 28, 35, 36, 37, 39, 48, 49, 51, 52, 53, 55, 58, 59, 60, 63, 64, 66, 68, 78, 79, 94, 96, 106, 121, 130, 133, 135, 138, 139, 142, 147, 149, 158, 160, 163, 164, 167, 170, 172, 182, 184, 185, 186, 188, 197, 199, 200, 201, 202, 204, 211, 213, 214, 215, 217, 218, 220, 226, 228, 234, 236, 248, 250, 252, 261, 262, 264, 265, 266, 267, 268, 270, 276], "summary": {"covered_lines": 81, "num_statements": 81, "percent_covered": 100.0, "percent_covered_display": "100", "missing_lines": 0, "excluded_lines": 0, "percent_statements_covered": 100.0, "percent_statements_covered_display": "100"}, "missing_lines": [], "excluded_lines": [], "functions": {"StaleBranchCleanupWorker.__init__": {"executed_lines": [35, 36, 37], "summary": {"covered_lines": 3, "num_statements": 3, "percent_covered": 100.0, "percent_covered_display": "100", "missing_lines": 0, "excluded_lines": 0, "percent_statements_covered": 100.0, "percent_statements_covered_display": "100"}, "missing_lines": [], "excluded_lines": [], "start_line": 28}, "StaleBranchCleanupWorker.run": {"executed_lines": [48, 49, 51, 52, 53, 55, 58, 59, 60, 63, 64, 66], "summary": {"covered_lines": 12, "num_statements": 12, "percent_covered": 100.0, "percent_covered_display": "100", "missing_lines": 0, "excluded_lines": 0, "percent_statements_covered": 100.0, "percent_statements_covered_display": "100"}, "missing_lines": [], "excluded_lines": [], "start_line": 39}, "StaleBranchCleanupWorker._validate_input_path": {"executed_lines": [78, 79, 94], "summary": {"covered_lines": 3, "num_statements": 3, "percent_covered": 100.0, "percent_covered_display": "100", "missing_lines": 0, "excluded_lines": 0, "percent_statements_covered": 100.0, "percent_statements_covered_display": "100"}, "missing_lines": [], "excluded_lines": [], "start_line": 68}, "StaleBranchCleanupWorker._create_results_dict": {"executed_lines": [106], "summary": {"covered_lines": 1, "num_statements": 1, "percent_covered": 100.0, "percent_covered_display": "100", "missing_lines": 0, "excluded_lines": 0, "percent_statements_covered": 100.0, "percent_statements_covered_display": "100"}, "missing_lines": [], "excluded_lines": [], "start_line": 96}, "StaleBranchCleanupWorker._process_single_repository": {"executed_lines": [130, 133, 135, 138, 139, 142, 147], "summary": {"covered_lines": 7, "num_statements": 7, "percent_covered": 100.0, "percent_covered_display": "100", "missing_lines": 0, "excluded_lines": 0, "percent_statements_covered": 100.0, "percent_statements_covered_display": "100"}, "missing_lines": [], "excluded_lines": [], "start_line": 121}, "StaleBranchCleanupWorker._process_repository": {"executed_lines": [158, 160, 163, 164, 167, 170], "summary": {"covered_lines": 6, "num_statements": 6, "percent_covered": 100.0, "percent_covered_display": "100", "missing_lines": 0, "excluded_lines": 0, "percent_statements_covered": 100.0, "percent_statements_covered_display": "100"}, "missing_lines": [], "excluded_lines": [], "start_line": 149}, "StaleBranchCleanupWorker._create_invalid_repo_result_from_path": {"executed_lines": [182, 184, 185, 186], "summary": {"covered_lines": 4, "num_statements": 4, "percent_covered": 100.0, "percent_covered_display": "100", "missing_lines": 0, "excluded_lines": 0, "percent_statements_covered": 100.0, "percent_statements_covered_display": "100"}, "missing_lines": [], "excluded_lines": [], "start_line": 172}, "StaleBranchCleanupWorker._create_invalid_repo_result": {"executed_lines": [197, 199, 200, 201, 202], "summary": {"covered_lines": 5, "num_statements": 5, "percent_covered": 100.0, "percent_covered_display": "100", "missing_lines": 0, "excluded_lines": 0, "percent_statements_covered": 100.0, "percent_statements_covered_display": "100"}, "missing_lines": [], "excluded_lines": [], "start_line": 188}, "StaleBranchCleanupWorker._update_results_statistics": {"executed_lines": [211, 213, 214, 215, 217, 218], "summary": {"covered_lines": 6, "num_statements": 6, "percent_covered": 100.0, "percent_covered_display": "100", "missing_lines": 0, "excluded_lines": 0, "percent_statements_covered": 100.0, "percent_statements_covered_display": "100"}, "missing_lines": [], "excluded_lines": [], "start_line": 204}, "StaleBranchCleanupWorker._get_local_branches": {"executed_lines": [226], "summary": {"covered_lines": 1, "num_statements": 1, "percent_covered": 100.0, "percent_covered_display": "100", "missing_lines": 0, "excluded_lines": 0, "percent_statements_covered": 100.0, "percent_statements_covered_display": "100"}, "missing_lines": [], "excluded_lines": [], "start_line": 220}, "StaleBranchCleanupWorker._get_remote_branches": {"executed_lines": [234], "summary": {"covered_lines": 1, "num_statements": 1, "percent_covered": 100.0, "percent_covered_display": "100", "missing_lines": 0, "excluded_lines": 0, "percent_statements_covered": 100.0, "percent_statements_covered_display": "100"}, "missing_lines": [], "excluded_lines": [], "start_line": 228}, "StaleBranchCleanupWorker._identify_stale_branches": {"executed_lines": [248, 250], "summary": {"covered_lines": 2, "num_statements": 2, "percent_covered": 100.0, "percent_covered_display": "100", "missing_lines": 0, "excluded_lines": 0, "percent_statements_covered": 100.0, "percent_statements_covered_display": "100"}, "missing_lines": [], "excluded_lines": [], "start_line": 236}, "StaleBranchCleanupWorker._delete_branch": {"executed_lines": [261, 262, 264, 265, 266, 267, 268], "summary": {"covered_lines": 7, "num_statements": 7, "percent_covered": 100.0, "percent_covered_display": "100", "missing_lines": 0, "excluded_lines": 0, "percent_statements_covered": 100.0, "percent_statements_covered_display": "100"}, "missing_lines": [], "excluded_lines": [], "start_line": 252}, "StaleBranchCleanupWorker._log_completion_summary": {"executed_lines": [276], "summary": {"covered_lines": 1, "num_statements": 1, "percent_covered": 100.0, "percent_covered_display": "100", "missing_lines": 0, "excluded_lines": 0, "percent_statements_covered": 100.0, "percent_statements_covered_display": "100"}, "missing_lines": [], "excluded_lines": [], "start_line": 270}, "": {"executed_lines": [7, 8, 9, 10, 12, 13, 18, 21, 28, 39, 68, 96, 121, 149, 172, 188, 204, 220, 228, 236, 252, 270], "summary": {"covered_lines": 22, "num_statements": 22, "percent_covered": 100.0, "percent_covered_display": "100", "missing_lines": 0, "excluded_lines": 0, "percent_statements_covered": 100.0, "percent_statements_covered_display": "100"}, "missing_lines": [], "excluded_lines": [], "start_line": 1}}, "classes": {"StaleBranchCleanupWorker": {"executed_lines": [35, 36, 37, 48, 49, 51, 52, 53, 55, 58, 59, 60, 63, 64, 66, 78, 79, 94, 106, 130, 133, 135, 138, 139, 142, 147, 158, 160, 163, 164, 167, 170, 182, 184, 185, 186, 197, 199, 200, 201, 202, 211, 213, 214, 215, 217, 218, 226, 234, 248, 250, 261, 262, 264, 265, 266, 267, 268, 276], "summary": {"covered_lines": 59, "num_statements": 59, "percent_covered": 100.0, "percent_covered_display": "100", "missing_lines": 0, "excluded_lines": 0, "percent_statements_covered": 100.0, "percent_statements_covered_display": "100"}, "missing_lines": [], "excluded_lines": [], "start_line": 21}, "": {"executed_lines": [7, 8, 9, 10, 12, 13, 18, 21, 28, 39, 68, 96, 121, 149, 172, 188, 204, 220, 228, 236, 252, 270], "summary": {"covered_lines": 22, "num_statements": 22, "percent_covered": 100.0, "percent_covered_display": "100", "missing_lines": 0, "excluded_lines": 0, "percent_statements_covered": 100.0, "percent_statements_covered_display": "100"}, "missing_lines": [], "excluded_lines": [], "start_line": 1}}}, "src/settings/main.py": {"executed_lines": [3, 4, 6, 7, 8, 10, 17, 20, 21, 22, 25, 28, 31, 35, 41, 45, 51, 57, 62, 67, 72, 73, 75, 76, 77, 78, 79, 81, 86, 89, 91, 93, 95, 100, 102, 104, 106, 111, 115, 119, 189, 194, 199, 204, 209, 219, 225, 231, 236, 242, 250, 253], "summary": {"covered_lines": 52, "num_statements": 52, "percent_covered": 100.0, "percent_covered_display": "100", "missing_lines": 0, "excluded_lines": 0, "percent_statements_covered": 100.0, "percent_statements_covered_display": "100"}, "missing_lines": [], "excluded_lines": [], "functions": {"Settings.expand_user_paths": {"executed_lines": [75, 76, 77, 78, 79], "summary": {"covered_lines": 5, "num_statements": 5, "percent_covered": 100.0, "percent_covered_display": "100", "missing_lines": 0, "excluded_lines": 0, "percent_statements_covered": 100.0, "percent_statements_covered_display": "100"}, "missing_lines": [], "excluded_lines": [], "start_line": 73}, "": {"executed_lines": [3, 4, 6, 7, 8, 10, 17, 20, 21, 22, 25, 28, 31, 35, 41, 45, 51, 57, 62, 67, 72, 73, 81, 86, 89, 91, 93, 95, 100, 102, 104, 106, 111, 115, 119, 189, 194, 199, 204, 209, 219, 225, 231, 236, 242, 250, 253], "summary": {"covered_lines": 47, "num_statements": 47, "percent_covered": 100.0, "percent_covered_display": "100", "missing_lines": 0, "excluded_lines": 0, "percent_statements_covered": 100.0, "percent_statements_covered_display": "100"}, "missing_lines": [], "excluded_lines": [], "start_line": 1}}, "classes": {"TaskRating": {"executed_lines": [], "summary": {"covered_lines": 0, "num_statements": 0, "percent_covered": 100.0, "percent_covered_display": "100", "missing_lines": 0, "excluded_lines": 0, "percent_statements_covered": 100.0, "percent_statements_covered_display": "100"}, "missing_lines": [], "excluded_lines": [], "start_line": 17}, "CLIConfiguration": {"executed_lines": [], "summary": {"covered_lines": 0, "num_statements": 0, "percent_covered": 100.0, "percent_covered_display": "100", "missing_lines": 0, "excluded_lines": 0, "percent_statements_covered": 100.0, "percent_statements_covered_display": "100"}, "missing_lines": [], "excluded_lines": [], "start_line": 25}, "Settings": {"executed_lines": [75, 76, 77, 78, 79], "summary": {"covered_lines": 5, "num_statements": 5, "percent_covered": 100.0, "percent_covered_display": "100", "missing_lines": 0, "excluded_lines": 0, "percent_statements_covered": 100.0, "percent_statements_covered_display": "100"}, "missing_lines": [], "excluded_lines": [], "start_line": 51}, "": {"executed_lines": [3, 4, 6, 7, 8, 10, 17, 20, 21, 22, 25, 28, 31, 35, 41, 45, 51, 57, 62, 67, 72, 73, 81, 86, 89, 91, 93, 95, 100, 102, 104, 106, 111, 115, 119, 189, 194, 199, 204, 209, 219, 225, 231, 236, 242, 250, 253], "summary": {"covered_lines": 47, "num_statements": 47, "percent_covered": 100.0, "percent_covered_display": "100", "missing_lines": 0, "excluded_lines": 0, "percent_statements_covered": 100.0, "percent_statements_covered_display": "100"}, "missing_lines": [], "excluded_lines": [], "start_line": 1}}}}, "totals": {"covered_lines": 1837, "num_statements": 1904, "percent_covered": 96.48109243697479, "percent_covered_display": "96", "missing_lines": 67, "excluded_lines": 19, "percent_statements_covered": 96.48109243697479, "percent_statements_covered_display": "96"}}